<?xml version="1.0" encoding="UTF-8"?>
<!-- Generated by org.testng.reporters.JUnitXMLReporter -->
<testsuite ignored="0" hostname="ADMIN" failures="0" tests="8" name="Default test" time="289.623" errors="0" timestamp="2022-08-16T21:43:32 IST">
  <testcase classname="com.facebook.qa.test.HomePageTest" name="@BeforeMethod setUp" time="37.397">
    <failure type="org.openqa.selenium.TimeoutException" message="timeout: Timed out receiving message from renderer: -0.001
  (Session info: chrome=104.0.5112.81)
Build info: version: &amp;apos;4.1.4&amp;apos;, revision: &amp;apos;535d840ee2&amp;apos;
System info: host: &amp;apos;ADMIN&amp;apos;, ip: &amp;apos;192.168.43.220&amp;apos;, os.name: &amp;apos;Windows 8.1&amp;apos;, os.arch: &amp;apos;amd64&amp;apos;, os.version: &amp;apos;6.3&amp;apos;, java.version: &amp;apos;17.0.3&amp;apos;
Driver info: org.openqa.selenium.chrome.ChromeDriver
Command: [d7207c8269f101e716047cfece7ae9ea, get {url=https://www.facebook.com/}]
Capabilities {acceptInsecureCerts: false, browserName: chrome, browserVersion: 104.0.5112.81, chrome: {chromedriverVersion: 103.0.5060.53 (a1711811edd7..., userDataDir: C:\Users\MY\AppData\Local\T...}, goog:chromeOptions: {debuggerAddress: localhost:49397}, javascriptEnabled: true, networkConnectionEnabled: false, pageLoadStrategy: normal, platform: WINDOWS, platformName: WINDOWS, proxy: Proxy(), se:cdp: ws://localhost:49397/devtoo..., se:cdpVersion: 104.0.5112.81, setWindowRect: true, strictFileInteractability: false, timeouts: {implicit: 0, pageLoad: 300000, script: 30000}, unhandledPromptBehavior: dismiss and notify, webauthn:extension:credBlob: true, webauthn:extension:largeBlob: true, webauthn:virtualAuthenticators: true}
Session ID: d7207c8269f101e716047cfece7ae9ea">
      <![CDATA[org.openqa.selenium.TimeoutException: timeout: Timed out receiving message from renderer: -0.001
  (Session info: chrome=104.0.5112.81)
Build info: version: '4.1.4', revision: '535d840ee2'
System info: host: 'ADMIN', ip: '192.168.43.220', os.name: 'Windows 8.1', os.arch: 'amd64', os.version: '6.3', java.version: '17.0.3'
Driver info: org.openqa.selenium.chrome.ChromeDriver
Command: [d7207c8269f101e716047cfece7ae9ea, get {url=https://www.facebook.com/}]
Capabilities {acceptInsecureCerts: false, browserName: chrome, browserVersion: 104.0.5112.81, chrome: {chromedriverVersion: 103.0.5060.53 (a1711811edd7..., userDataDir: C:\Users\MY\AppData\Local\T...}, goog:chromeOptions: {debuggerAddress: localhost:49397}, javascriptEnabled: true, networkConnectionEnabled: false, pageLoadStrategy: normal, platform: WINDOWS, platformName: WINDOWS, proxy: Proxy(), se:cdp: ws://localhost:49397/devtoo..., se:cdpVersion: 104.0.5112.81, setWindowRect: true, strictFileInteractability: false, timeouts: {implicit: 0, pageLoad: 300000, script: 30000}, unhandledPromptBehavior: dismiss and notify, webauthn:extension:credBlob: true, webauthn:extension:largeBlob: true, webauthn:virtualAuthenticators: true}
Session ID: d7207c8269f101e716047cfece7ae9ea
at java.base/jdk.internal.reflect.NativeConstructorAccessorImpl.newInstance0(Native Method)
at java.base/jdk.internal.reflect.NativeConstructorAccessorImpl.newInstance(NativeConstructorAccessorImpl.java:77)
at java.base/jdk.internal.reflect.DelegatingConstructorAccessorImpl.newInstance(DelegatingConstructorAccessorImpl.java:45)
at java.base/java.lang.reflect.Constructor.newInstanceWithCaller(Constructor.java:499)
at java.base/java.lang.reflect.Constructor.newInstance(Constructor.java:480)
at org.openqa.selenium.remote.codec.w3c.W3CHttpResponseCodec.createException(W3CHttpResponseCodec.java:200)
at org.openqa.selenium.remote.codec.w3c.W3CHttpResponseCodec.decode(W3CHttpResponseCodec.java:133)
at org.openqa.selenium.remote.codec.w3c.W3CHttpResponseCodec.decode(W3CHttpResponseCodec.java:53)
at org.openqa.selenium.remote.HttpCommandExecutor.execute(HttpCommandExecutor.java:184)
at org.openqa.selenium.remote.service.DriverCommandExecutor.invokeExecute(DriverCommandExecutor.java:167)
at org.openqa.selenium.remote.service.DriverCommandExecutor.execute(DriverCommandExecutor.java:142)
at org.openqa.selenium.remote.RemoteWebDriver.execute(RemoteWebDriver.java:567)
at org.openqa.selenium.remote.RemoteWebDriver.get(RemoteWebDriver.java:330)
at java.base/jdk.internal.reflect.NativeMethodAccessorImpl.invoke0(Native Method)
at java.base/jdk.internal.reflect.NativeMethodAccessorImpl.invoke(NativeMethodAccessorImpl.java:77)
at java.base/jdk.internal.reflect.DelegatingMethodAccessorImpl.invoke(DelegatingMethodAccessorImpl.java:43)
at java.base/java.lang.reflect.Method.invoke(Method.java:568)
at org.openqa.selenium.support.events.EventFiringWebDriver.lambda$new$1(EventFiringWebDriver.java:115)
at jdk.proxy2/jdk.proxy2.$Proxy16.get(Unknown Source)
at org.openqa.selenium.support.events.EventFiringWebDriver.get(EventFiringWebDriver.java:175)
at com.facebook.qa.base.TestBase.initialization(TestBase.java:64)
at com.facebook.qa.test.HomePageTest.setUp(HomePageTest.java:25)
at java.base/jdk.internal.reflect.NativeMethodAccessorImpl.invoke0(Native Method)
at java.base/jdk.internal.reflect.NativeMethodAccessorImpl.invoke(NativeMethodAccessorImpl.java:77)
at java.base/jdk.internal.reflect.DelegatingMethodAccessorImpl.invoke(DelegatingMethodAccessorImpl.java:43)
at java.base/java.lang.reflect.Method.invoke(Method.java:568)
at org.testng.internal.MethodInvocationHelper.invokeMethod(MethodInvocationHelper.java:133)
at org.testng.internal.MethodInvocationHelper.invokeMethodConsideringTimeout(MethodInvocationHelper.java:62)
at org.testng.internal.ConfigInvoker.invokeConfigurationMethod(ConfigInvoker.java:385)
at org.testng.internal.ConfigInvoker.invokeConfigurations(ConfigInvoker.java:321)
at org.testng.internal.TestInvoker.runConfigMethods(TestInvoker.java:700)
at org.testng.internal.TestInvoker.invokeMethod(TestInvoker.java:527)
at org.testng.internal.TestInvoker.invokeTestMethod(TestInvoker.java:173)
at org.testng.internal.MethodRunner.runInSequence(MethodRunner.java:46)
at org.testng.internal.TestInvoker$MethodInvocationAgent.invoke(TestInvoker.java:824)
at org.testng.internal.TestInvoker.invokeTestMethods(TestInvoker.java:146)
at org.testng.internal.TestMethodWorker.invokeTestMethods(TestMethodWorker.java:146)
at org.testng.internal.TestMethodWorker.run(TestMethodWorker.java:128)
at java.base/java.util.ArrayList.forEach(ArrayList.java:1511)
at org.testng.TestRunner.privateRun(TestRunner.java:794)
at org.testng.TestRunner.run(TestRunner.java:596)
at org.testng.SuiteRunner.runTest(SuiteRunner.java:377)
at org.testng.SuiteRunner.runSequentially(SuiteRunner.java:371)
at org.testng.SuiteRunner.privateRun(SuiteRunner.java:332)
at org.testng.SuiteRunner.run(SuiteRunner.java:276)
at org.testng.SuiteRunnerWorker.runSuite(SuiteRunnerWorker.java:53)
at org.testng.SuiteRunnerWorker.run(SuiteRunnerWorker.java:96)
at org.testng.TestNG.runSuitesSequentially(TestNG.java:1212)
at org.testng.TestNG.runSuitesLocally(TestNG.java:1134)
at org.testng.TestNG.runSuites(TestNG.java:1063)
at org.testng.TestNG.run(TestNG.java:1031)
at org.testng.remote.AbstractRemoteTestNG.run(AbstractRemoteTestNG.java:115)
at org.testng.remote.RemoteTestNG.initAndRun(RemoteTestNG.java:251)
at org.testng.remote.RemoteTestNG.main(RemoteTestNG.java:77)
]]>
    </failure>
  </testcase> <!-- @BeforeMethod setUp -->
  <testcase classname="com.facebook.qa.test.HomePageTest" name="@BeforeMethod setUp" time="-1.660666161189E9">
    <skipped/>
  </testcase> <!-- @BeforeMethod setUp -->
  <testcase classname="com.facebook.qa.test.LoginPageTest" name="@BeforeMethod setUp" time="132.179">
    <failure type="java.lang.StackOverflowError">
      <![CDATA[java.lang.StackOverflowError
at java.base/java.io.BufferedWriter.write(BufferedWriter.java:229)
at java.base/java.io.Writer.write(Writer.java:249)
at java.base/java.io.PrintStream.writeln(PrintStream.java:720)
at java.base/java.io.PrintStream.println(PrintStream.java:1028)
at com.facebook.qa.util.WebEventListener.onException(WebEventListener.java:58)
at jdk.internal.reflect.GeneratedMethodAccessor4.invoke(Unknown Source)
at java.base/jdk.internal.reflect.DelegatingMethodAccessorImpl.invoke(DelegatingMethodAccessorImpl.java:43)
at java.base/java.lang.reflect.Method.invoke(Method.java:568)
at org.openqa.selenium.support.events.EventFiringWebDriver.lambda$new$0(EventFiringWebDriver.java:94)
at jdk.proxy2/jdk.proxy2.$Proxy15.onException(Unknown Source)
at org.openqa.selenium.support.events.EventFiringWebDriver.lambda$new$1(EventFiringWebDriver.java:117)
at jdk.proxy2/jdk.proxy2.$Proxy16.getScreenshotAs(Unknown Source)
at org.openqa.selenium.support.events.EventFiringWebDriver.getScreenshotAs(EventFiringWebDriver.java:312)
at com.facebook.qa.util.TestUtil.takeScreenshotAtEndOfTest(TestUtil.java:62)
at com.facebook.qa.util.WebEventListener.onException(WebEventListener.java:60)
at jdk.internal.reflect.GeneratedMethodAccessor4.invoke(Unknown Source)
at java.base/jdk.internal.reflect.DelegatingMethodAccessorImpl.invoke(DelegatingMethodAccessorImpl.java:43)
at java.base/java.lang.reflect.Method.invoke(Method.java:568)
at org.openqa.selenium.support.events.EventFiringWebDriver.lambda$new$0(EventFiringWebDriver.java:94)
at jdk.proxy2/jdk.proxy2.$Proxy15.onException(Unknown Source)
at org.openqa.selenium.support.events.EventFiringWebDriver.lambda$new$1(EventFiringWebDriver.java:117)
at jdk.proxy2/jdk.proxy2.$Proxy16.getScreenshotAs(Unknown Source)
at org.openqa.selenium.support.events.EventFiringWebDriver.getScreenshotAs(EventFiringWebDriver.java:312)
at com.facebook.qa.util.TestUtil.takeScreenshotAtEndOfTest(TestUtil.java:62)
at com.facebook.qa.util.WebEventListener.onException(WebEventListener.java:60)
at jdk.internal.reflect.GeneratedMethodAccessor4.invoke(Unknown Source)
at java.base/jdk.internal.reflect.DelegatingMethodAccessorImpl.invoke(DelegatingMethodAccessorImpl.java:43)
at java.base/java.lang.reflect.Method.invoke(Method.java:568)
at org.openqa.selenium.support.events.EventFiringWebDriver.lambda$new$0(EventFiringWebDriver.java:94)
at jdk.proxy2/jdk.proxy2.$Proxy15.onException(Unknown Source)
at org.openqa.selenium.support.events.EventFiringWebDriver.lambda$new$1(EventFiringWebDriver.java:117)
at jdk.proxy2/jdk.proxy2.$Proxy16.getScreenshotAs(Unknown Source)
at org.openqa.selenium.support.events.EventFiringWebDriver.getScreenshotAs(EventFiringWebDriver.java:312)
at com.facebook.qa.util.TestUtil.takeScreenshotAtEndOfTest(TestUtil.java:62)
at com.facebook.qa.util.WebEventListener.onException(WebEventListener.java:60)
at jdk.internal.reflect.GeneratedMethodAccessor4.invoke(Unknown Source)
at java.base/jdk.internal.reflect.DelegatingMethodAccessorImpl.invoke(DelegatingMethodAccessorImpl.java:43)
at java.base/java.lang.reflect.Method.invoke(Method.java:568)
at org.openqa.selenium.support.events.EventFiringWebDriver.lambda$new$0(EventFiringWebDriver.java:94)
at jdk.proxy2/jdk.proxy2.$Proxy15.onException(Unknown Source)
at org.openqa.selenium.support.events.EventFiringWebDriver.lambda$new$1(EventFiringWebDriver.java:117)
at jdk.proxy2/jdk.proxy2.$Proxy16.getScreenshotAs(Unknown Source)
at org.openqa.selenium.support.events.EventFiringWebDriver.getScreenshotAs(EventFiringWebDriver.java:312)
at com.facebook.qa.util.TestUtil.takeScreenshotAtEndOfTest(TestUtil.java:62)
at com.facebook.qa.util.WebEventListener.onException(WebEventListener.java:60)
at jdk.internal.reflect.GeneratedMethodAccessor4.invoke(Unknown Source)
at java.base/jdk.internal.reflect.DelegatingMethodAccessorImpl.invoke(DelegatingMethodAccessorImpl.java:43)
at java.base/java.lang.reflect.Method.invoke(Method.java:568)
at org.openqa.selenium.support.events.EventFiringWebDriver.lambda$new$0(EventFiringWebDriver.java:94)
at jdk.proxy2/jdk.proxy2.$Proxy15.onException(Unknown Source)
at org.openqa.selenium.support.events.EventFiringWebDriver.lambda$new$1(EventFiringWebDriver.java:117)
at jdk.proxy2/jdk.proxy2.$Proxy16.getScreenshotAs(Unknown Source)
at org.openqa.selenium.support.events.EventFiringWebDriver.getScreenshotAs(EventFiringWebDriver.java:312)
at com.facebook.qa.util.TestUtil.takeScreenshotAtEndOfTest(TestUtil.java:62)
at com.facebook.qa.util.WebEventListener.onException(WebEventListener.java:60)
at jdk.internal.reflect.GeneratedMethodAccessor4.invoke(Unknown Source)
at java.base/jdk.internal.reflect.DelegatingMethodAccessorImpl.invoke(DelegatingMethodAccessorImpl.java:43)
at java.base/java.lang.reflect.Method.invoke(Method.java:568)
at org.openqa.selenium.support.events.EventFiringWebDriver.lambda$new$0(EventFiringWebDriver.java:94)
at jdk.proxy2/jdk.proxy2.$Proxy15.onException(Unknown Source)
at org.openqa.selenium.support.events.EventFiringWebDriver.lambda$new$1(EventFiringWebDriver.java:117)
at jdk.proxy2/jdk.proxy2.$Proxy16.getScreenshotAs(Unknown Source)
at org.openqa.selenium.support.events.EventFiringWebDriver.getScreenshotAs(EventFiringWebDriver.java:312)
at com.facebook.qa.util.TestUtil.takeScreenshotAtEndOfTest(TestUtil.java:62)
at com.facebook.qa.util.WebEventListener.onException(WebEventListener.java:60)
at jdk.internal.reflect.GeneratedMethodAccessor4.invoke(Unknown Source)
at java.base/jdk.internal.reflect.DelegatingMethodAccessorImpl.invoke(DelegatingMethodAccessorImpl.java:43)
at java.base/java.lang.reflect.Method.invoke(Method.java:568)
at org.openqa.selenium.support.events.EventFiringWebDriver.lambda$new$0(EventFiringWebDriver.java:94)
at jdk.proxy2/jdk.proxy2.$Proxy15.onException(Unknown Source)
at org.openqa.selenium.support.events.EventFiringWebDriver.lambda$new$1(EventFiringWebDriver.java:117)
at jdk.proxy2/jdk.proxy2.$Proxy16.getScreenshotAs(Unknown Source)
at org.openqa.selenium.support.events.EventFiringWebDriver.getScreenshotAs(EventFiringWebDriver.java:312)
at com.facebook.qa.util.TestUtil.takeScreenshotAtEndOfTest(TestUtil.java:62)
at com.facebook.qa.util.WebEventListener.onException(WebEventListener.java:60)
at jdk.internal.reflect.GeneratedMethodAccessor4.invoke(Unknown Source)
at java.base/jdk.internal.reflect.DelegatingMethodAccessorImpl.invoke(DelegatingMethodAccessorImpl.java:43)
at java.base/java.lang.reflect.Method.invoke(Method.java:568)
at org.openqa.selenium.support.events.EventFiringWebDriver.lambda$new$0(EventFiringWebDriver.java:94)
at jdk.proxy2/jdk.proxy2.$Proxy15.onException(Unknown Source)
at org.openqa.selenium.support.events.EventFiringWebDriver.lambda$new$1(EventFiringWebDriver.java:117)
at jdk.proxy2/jdk.proxy2.$Proxy16.getScreenshotAs(Unknown Source)
at org.openqa.selenium.support.events.EventFiringWebDriver.getScreenshotAs(EventFiringWebDriver.java:312)
at com.facebook.qa.util.TestUtil.takeScreenshotAtEndOfTest(TestUtil.java:62)
at com.facebook.qa.util.WebEventListener.onException(WebEventListener.java:60)
at jdk.internal.reflect.GeneratedMethodAccessor4.invoke(Unknown Source)
at java.base/jdk.internal.reflect.DelegatingMethodAccessorImpl.invoke(DelegatingMethodAccessorImpl.java:43)
at java.base/java.lang.reflect.Method.invoke(Method.java:568)
at org.openqa.selenium.support.events.EventFiringWebDriver.lambda$new$0(EventFiringWebDriver.java:94)
at jdk.proxy2/jdk.proxy2.$Proxy15.onException(Unknown Source)
at org.openqa.selenium.support.events.EventFiringWebDriver.lambda$new$1(EventFiringWebDriver.java:117)
at jdk.proxy2/jdk.proxy2.$Proxy16.getScreenshotAs(Unknown Source)
at org.openqa.selenium.support.events.EventFiringWebDriver.getScreenshotAs(EventFiringWebDriver.java:312)
at com.facebook.qa.util.TestUtil.takeScreenshotAtEndOfTest(TestUtil.java:62)
at com.facebook.qa.util.WebEventListener.onException(WebEventListener.java:60)
at jdk.internal.reflect.GeneratedMethodAccessor4.invoke(Unknown Source)
at java.base/jdk.internal.reflect.DelegatingMethodAccessorImpl.invoke(DelegatingMethodAccessorImpl.java:43)
at java.base/java.lang.reflect.Method.invoke(Method.java:568)
at org.openqa.selenium.support.events.EventFiringWebDriver.lambda$new$0(EventFiringWebDriver.java:94)
at jdk.proxy2/jdk.proxy2.$Proxy15.onException(Unknown Source)
at org.openqa.selenium.support.events.EventFiringWebDriver.lambda$new$1(EventFiringWebDriver.java:117)
at jdk.proxy2/jdk.proxy2.$Proxy16.getScreenshotAs(Unknown Source)
at org.openqa.selenium.support.events.EventFiringWebDriver.getScreenshotAs(EventFiringWebDriver.java:312)
at com.facebook.qa.util.TestUtil.takeScreenshotAtEndOfTest(TestUtil.java:62)
at com.facebook.qa.util.WebEventListener.onException(WebEventListener.java:60)
at jdk.internal.reflect.GeneratedMethodAccessor4.invoke(Unknown Source)
at java.base/jdk.internal.reflect.DelegatingMethodAccessorImpl.invoke(DelegatingMethodAccessorImpl.java:43)
at java.base/java.lang.reflect.Method.invoke(Method.java:568)
at org.openqa.selenium.support.events.EventFiringWebDriver.lambda$new$0(EventFiringWebDriver.java:94)
at jdk.proxy2/jdk.proxy2.$Proxy15.onException(Unknown Source)
at org.openqa.selenium.support.events.EventFiringWebDriver.lambda$new$1(EventFiringWebDriver.java:117)
at jdk.proxy2/jdk.proxy2.$Proxy16.getScreenshotAs(Unknown Source)
at org.openqa.selenium.support.events.EventFiringWebDriver.getScreenshotAs(EventFiringWebDriver.java:312)
at com.facebook.qa.util.TestUtil.takeScreenshotAtEndOfTest(TestUtil.java:62)
at com.facebook.qa.util.WebEventListener.onException(WebEventListener.java:60)
at jdk.internal.reflect.GeneratedMethodAccessor4.invoke(Unknown Source)
at java.base/jdk.internal.reflect.DelegatingMethodAccessorImpl.invoke(DelegatingMethodAccessorImpl.java:43)
at java.base/java.lang.reflect.Method.invoke(Method.java:568)
at org.openqa.selenium.support.events.EventFiringWebDriver.lambda$new$0(EventFiringWebDriver.java:94)
at jdk.proxy2/jdk.proxy2.$Proxy15.onException(Unknown Source)
at org.openqa.selenium.support.events.EventFiringWebDriver.lambda$new$1(EventFiringWebDriver.java:117)
at jdk.proxy2/jdk.proxy2.$Proxy16.getScreenshotAs(Unknown Source)
at org.openqa.selenium.support.events.EventFiringWebDriver.getScreenshotAs(EventFiringWebDriver.java:312)
at com.facebook.qa.util.TestUtil.takeScreenshotAtEndOfTest(TestUtil.java:62)
at com.facebook.qa.util.WebEventListener.onException(WebEventListener.java:60)
at jdk.internal.reflect.GeneratedMethodAccessor4.invoke(Unknown Source)
at java.base/jdk.internal.reflect.DelegatingMethodAccessorImpl.invoke(DelegatingMethodAccessorImpl.java:43)
at java.base/java.lang.reflect.Method.invoke(Method.java:568)
at org.openqa.selenium.support.events.EventFiringWebDriver.lambda$new$0(EventFiringWebDriver.java:94)
at jdk.proxy2/jdk.proxy2.$Proxy15.onException(Unknown Source)
at org.openqa.selenium.support.events.EventFiringWebDriver.lambda$new$1(EventFiringWebDriver.java:117)
at jdk.proxy2/jdk.proxy2.$Proxy16.getScreenshotAs(Unknown Source)
at org.openqa.selenium.support.events.EventFiringWebDriver.getScreenshotAs(EventFiringWebDriver.java:312)
at com.facebook.qa.util.TestUtil.takeScreenshotAtEndOfTest(TestUtil.java:62)
at com.facebook.qa.util.WebEventListener.onException(WebEventListener.java:60)
at jdk.internal.reflect.GeneratedMethodAccessor4.invoke(Unknown Source)
at java.base/jdk.internal.reflect.DelegatingMethodAccessorImpl.invoke(DelegatingMethodAccessorImpl.java:43)
at java.base/java.lang.reflect.Method.invoke(Method.java:568)
at org.openqa.selenium.support.events.EventFiringWebDriver.lambda$new$0(EventFiringWebDriver.java:94)
at jdk.proxy2/jdk.proxy2.$Proxy15.onException(Unknown Source)
at org.openqa.selenium.support.events.EventFiringWebDriver.lambda$new$1(EventFiringWebDriver.java:117)
at jdk.proxy2/jdk.proxy2.$Proxy16.getScreenshotAs(Unknown Source)
at org.openqa.selenium.support.events.EventFiringWebDriver.getScreenshotAs(EventFiringWebDriver.java:312)
at com.facebook.qa.util.TestUtil.takeScreenshotAtEndOfTest(TestUtil.java:62)
at com.facebook.qa.util.WebEventListener.onException(WebEventListener.java:60)
at jdk.internal.reflect.GeneratedMethodAccessor4.invoke(Unknown Source)
at java.base/jdk.internal.reflect.DelegatingMethodAccessorImpl.invoke(DelegatingMethodAccessorImpl.java:43)
at java.base/java.lang.reflect.Method.invoke(Method.java:568)
at org.openqa.selenium.support.events.EventFiringWebDriver.lambda$new$0(EventFiringWebDriver.java:94)
at jdk.proxy2/jdk.proxy2.$Proxy15.onException(Unknown Source)
at org.openqa.selenium.support.events.EventFiringWebDriver.lambda$new$1(EventFiringWebDriver.java:117)
at jdk.proxy2/jdk.proxy2.$Proxy16.getScreenshotAs(Unknown Source)
at org.openqa.selenium.support.events.EventFiringWebDriver.getScreenshotAs(EventFiringWebDriver.java:312)
at com.facebook.qa.util.TestUtil.takeScreenshotAtEndOfTest(TestUtil.java:62)
at com.facebook.qa.util.WebEventListener.onException(WebEventListener.java:60)
at jdk.internal.reflect.GeneratedMethodAccessor4.invoke(Unknown Source)
at java.base/jdk.internal.reflect.DelegatingMethodAccessorImpl.invoke(DelegatingMethodAccessorImpl.java:43)
at java.base/java.lang.reflect.Method.invoke(Method.java:568)
at org.openqa.selenium.support.events.EventFiringWebDriver.lambda$new$0(EventFiringWebDriver.java:94)
at jdk.proxy2/jdk.proxy2.$Proxy15.onException(Unknown Source)
at org.openqa.selenium.support.events.EventFiringWebDriver.lambda$new$1(EventFiringWebDriver.java:117)
at jdk.proxy2/jdk.proxy2.$Proxy16.getScreenshotAs(Unknown Source)
at org.openqa.selenium.support.events.EventFiringWebDriver.getScreenshotAs(EventFiringWebDriver.java:312)
at com.facebook.qa.util.TestUtil.takeScreenshotAtEndOfTest(TestUtil.java:62)
at com.facebook.qa.util.WebEventListener.onException(WebEventListener.java:60)
at jdk.internal.reflect.GeneratedMethodAccessor4.invoke(Unknown Source)
at java.base/jdk.internal.reflect.DelegatingMethodAccessorImpl.invoke(DelegatingMethodAccessorImpl.java:43)
at java.base/java.lang.reflect.Method.invoke(Method.java:568)
at org.openqa.selenium.support.events.EventFiringWebDriver.lambda$new$0(EventFiringWebDriver.java:94)
at jdk.proxy2/jdk.proxy2.$Proxy15.onException(Unknown Source)
at org.openqa.selenium.support.events.EventFiringWebDriver.lambda$new$1(EventFiringWebDriver.java:117)
at jdk.proxy2/jdk.proxy2.$Proxy16.getScreenshotAs(Unknown Source)
at org.openqa.selenium.support.events.EventFiringWebDriver.getScreenshotAs(EventFiringWebDriver.java:312)
at com.facebook.qa.util.TestUtil.takeScreenshotAtEndOfTest(TestUtil.java:62)
at com.facebook.qa.util.WebEventListener.onException(WebEventListener.java:60)
at jdk.internal.reflect.GeneratedMethodAccessor4.invoke(Unknown Source)
at java.base/jdk.internal.reflect.DelegatingMethodAccessorImpl.invoke(DelegatingMethodAccessorImpl.java:43)
at java.base/java.lang.reflect.Method.invoke(Method.java:568)
at org.openqa.selenium.support.events.EventFiringWebDriver.lambda$new$0(EventFiringWebDriver.java:94)
at jdk.proxy2/jdk.proxy2.$Proxy15.onException(Unknown Source)
at org.openqa.selenium.support.events.EventFiringWebDriver.lambda$new$1(EventFiringWebDriver.java:117)
at jdk.proxy2/jdk.proxy2.$Proxy16.getScreenshotAs(Unknown Source)
at org.openqa.selenium.support.events.EventFiringWebDriver.getScreenshotAs(EventFiringWebDriver.java:312)
at com.facebook.qa.util.TestUtil.takeScreenshotAtEndOfTest(TestUtil.java:62)
at com.facebook.qa.util.WebEventListener.onException(WebEventListener.java:60)
at jdk.internal.reflect.GeneratedMethodAccessor4.invoke(Unknown Source)
at java.base/jdk.internal.reflect.DelegatingMethodAccessorImpl.invoke(DelegatingMethodAccessorImpl.java:43)
at java.base/java.lang.reflect.Method.invoke(Method.java:568)
at org.openqa.selenium.support.events.EventFiringWebDriver.lambda$new$0(EventFiringWebDriver.java:94)
at jdk.proxy2/jdk.proxy2.$Proxy15.onException(Unknown Source)
at org.openqa.selenium.support.events.EventFiringWebDriver.lambda$new$1(EventFiringWebDriver.java:117)
at jdk.proxy2/jdk.proxy2.$Proxy16.getScreenshotAs(Unknown Source)
at org.openqa.selenium.support.events.EventFiringWebDriver.getScreenshotAs(EventFiringWebDriver.java:312)
at com.facebook.qa.util.TestUtil.takeScreenshotAtEndOfTest(TestUtil.java:62)
at com.facebook.qa.util.WebEventListener.onException(WebEventListener.java:60)
at jdk.internal.reflect.GeneratedMethodAccessor4.invoke(Unknown Source)
at java.base/jdk.internal.reflect.DelegatingMethodAccessorImpl.invoke(DelegatingMethodAccessorImpl.java:43)
at java.base/java.lang.reflect.Method.invoke(Method.java:568)
at org.openqa.selenium.support.events.EventFiringWebDriver.lambda$new$0(EventFiringWebDriver.java:94)
at jdk.proxy2/jdk.proxy2.$Proxy15.onException(Unknown Source)
at org.openqa.selenium.support.events.EventFiringWebDriver.lambda$new$1(EventFiringWebDriver.java:117)
at jdk.proxy2/jdk.proxy2.$Proxy16.getScreenshotAs(Unknown Source)
at org.openqa.selenium.support.events.EventFiringWebDriver.getScreenshotAs(EventFiringWebDriver.java:312)
at com.facebook.qa.util.TestUtil.takeScreenshotAtEndOfTest(TestUtil.java:62)
at com.facebook.qa.util.WebEventListener.onException(WebEventListener.java:60)
at jdk.internal.reflect.GeneratedMethodAccessor4.invoke(Unknown Source)
at java.base/jdk.internal.reflect.DelegatingMethodAccessorImpl.invoke(DelegatingMethodAccessorImpl.java:43)
at java.base/java.lang.reflect.Method.invoke(Method.java:568)
at org.openqa.selenium.support.events.EventFiringWebDriver.lambda$new$0(EventFiringWebDriver.java:94)
at jdk.proxy2/jdk.proxy2.$Proxy15.onException(Unknown Source)
at org.openqa.selenium.support.events.EventFiringWebDriver.lambda$new$1(EventFiringWebDriver.java:117)
at jdk.proxy2/jdk.proxy2.$Proxy16.getScreenshotAs(Unknown Source)
at org.openqa.selenium.support.events.EventFiringWebDriver.getScreenshotAs(EventFiringWebDriver.java:312)
at com.facebook.qa.util.TestUtil.takeScreenshotAtEndOfTest(TestUtil.java:62)
at com.facebook.qa.util.WebEventListener.onException(WebEventListener.java:60)
at jdk.internal.reflect.GeneratedMethodAccessor4.invoke(Unknown Source)
at java.base/jdk.internal.reflect.DelegatingMethodAccessorImpl.invoke(DelegatingMethodAccessorImpl.java:43)
at java.base/java.lang.reflect.Method.invoke(Method.java:568)
at org.openqa.selenium.support.events.EventFiringWebDriver.lambda$new$0(EventFiringWebDriver.java:94)
at jdk.proxy2/jdk.proxy2.$Proxy15.onException(Unknown Source)
at org.openqa.selenium.support.events.EventFiringWebDriver.lambda$new$1(EventFiringWebDriver.java:117)
at jdk.proxy2/jdk.proxy2.$Proxy16.getScreenshotAs(Unknown Source)
at org.openqa.selenium.support.events.EventFiringWebDriver.getScreenshotAs(EventFiringWebDriver.java:312)
at com.facebook.qa.util.TestUtil.takeScreenshotAtEndOfTest(TestUtil.java:62)
at com.facebook.qa.util.WebEventListener.onException(WebEventListener.java:60)
at jdk.internal.reflect.GeneratedMethodAccessor4.invoke(Unknown Source)
at java.base/jdk.internal.reflect.DelegatingMethodAccessorImpl.invoke(DelegatingMethodAccessorImpl.java:43)
at java.base/java.lang.reflect.Method.invoke(Method.java:568)
at org.openqa.selenium.support.events.EventFiringWebDriver.lambda$new$0(EventFiringWebDriver.java:94)
at jdk.proxy2/jdk.proxy2.$Proxy15.onException(Unknown Source)
at org.openqa.selenium.support.events.EventFiringWebDriver.lambda$new$1(EventFiringWebDriver.java:117)
at jdk.proxy2/jdk.proxy2.$Proxy16.getScreenshotAs(Unknown Source)
at org.openqa.selenium.support.events.EventFiringWebDriver.getScreenshotAs(EventFiringWebDriver.java:312)
at com.facebook.qa.util.TestUtil.takeScreenshotAtEndOfTest(TestUtil.java:62)
at com.facebook.qa.util.WebEventListener.onException(WebEventListener.java:60)
at jdk.internal.reflect.GeneratedMethodAccessor4.invoke(Unknown Source)
at java.base/jdk.internal.reflect.DelegatingMethodAccessorImpl.invoke(DelegatingMethodAccessorImpl.java:43)
at java.base/java.lang.reflect.Method.invoke(Method.java:568)
at org.openqa.selenium.support.events.EventFiringWebDriver.lambda$new$0(EventFiringWebDriver.java:94)
at jdk.proxy2/jdk.proxy2.$Proxy15.onException(Unknown Source)
at org.openqa.selenium.support.events.EventFiringWebDriver.lambda$new$1(EventFiringWebDriver.java:117)
at jdk.proxy2/jdk.proxy2.$Proxy16.getScreenshotAs(Unknown Source)
at org.openqa.selenium.support.events.EventFiringWebDriver.getScreenshotAs(EventFiringWebDriver.java:312)
at com.facebook.qa.util.TestUtil.takeScreenshotAtEndOfTest(TestUtil.java:62)
at com.facebook.qa.util.WebEventListener.onException(WebEventListener.java:60)
at jdk.internal.reflect.GeneratedMethodAccessor4.invoke(Unknown Source)
at java.base/jdk.internal.reflect.DelegatingMethodAccessorImpl.invoke(DelegatingMethodAccessorImpl.java:43)
at java.base/java.lang.reflect.Method.invoke(Method.java:568)
at org.openqa.selenium.support.events.EventFiringWebDriver.lambda$new$0(EventFiringWebDriver.java:94)
at jdk.proxy2/jdk.proxy2.$Proxy15.onException(Unknown Source)
at org.openqa.selenium.support.events.EventFiringWebDriver.lambda$new$1(EventFiringWebDriver.java:117)
at jdk.proxy2/jdk.proxy2.$Proxy16.getScreenshotAs(Unknown Source)
at org.openqa.selenium.support.events.EventFiringWebDriver.getScreenshotAs(EventFiringWebDriver.java:312)
at com.facebook.qa.util.TestUtil.takeScreenshotAtEndOfTest(TestUtil.java:62)
at com.facebook.qa.util.WebEventListener.onException(WebEventListener.java:60)
at jdk.internal.reflect.GeneratedMethodAccessor4.invoke(Unknown Source)
at java.base/jdk.internal.reflect.DelegatingMethodAccessorImpl.invoke(DelegatingMethodAccessorImpl.java:43)
at java.base/java.lang.reflect.Method.invoke(Method.java:568)
at org.openqa.selenium.support.events.EventFiringWebDriver.lambda$new$0(EventFiringWebDriver.java:94)
at jdk.proxy2/jdk.proxy2.$Proxy15.onException(Unknown Source)
at org.openqa.selenium.support.events.EventFiringWebDriver.lambda$new$1(EventFiringWebDriver.java:117)
at jdk.proxy2/jdk.proxy2.$Proxy16.getScreenshotAs(Unknown Source)
at org.openqa.selenium.support.events.EventFiringWebDriver.getScreenshotAs(EventFiringWebDriver.java:312)
at com.facebook.qa.util.TestUtil.takeScreenshotAtEndOfTest(TestUtil.java:62)
at com.facebook.qa.util.WebEventListener.onException(WebEventListener.java:60)
at jdk.internal.reflect.GeneratedMethodAccessor4.invoke(Unknown Source)
at java.base/jdk.internal.reflect.DelegatingMethodAccessorImpl.invoke(DelegatingMethodAccessorImpl.java:43)
at java.base/java.lang.reflect.Method.invoke(Method.java:568)
at org.openqa.selenium.support.events.EventFiringWebDriver.lambda$new$0(EventFiringWebDriver.java:94)
at jdk.proxy2/jdk.proxy2.$Proxy15.onException(Unknown Source)
at org.openqa.selenium.support.events.EventFiringWebDriver.lambda$new$1(EventFiringWebDriver.java:117)
at jdk.proxy2/jdk.proxy2.$Proxy16.getScreenshotAs(Unknown Source)
at org.openqa.selenium.support.events.EventFiringWebDriver.getScreenshotAs(EventFiringWebDriver.java:312)
at com.facebook.qa.util.TestUtil.takeScreenshotAtEndOfTest(TestUtil.java:62)
at com.facebook.qa.util.WebEventListener.onException(WebEventListener.java:60)
at jdk.internal.reflect.GeneratedMethodAccessor4.invoke(Unknown Source)
at java.base/jdk.internal.reflect.DelegatingMethodAccessorImpl.invoke(DelegatingMethodAccessorImpl.java:43)
at java.base/java.lang.reflect.Method.invoke(Method.java:568)
at org.openqa.selenium.support.events.EventFiringWebDriver.lambda$new$0(EventFiringWebDriver.java:94)
at jdk.proxy2/jdk.proxy2.$Proxy15.onException(Unknown Source)
at org.openqa.selenium.support.events.EventFiringWebDriver.lambda$new$1(EventFiringWebDriver.java:117)
at jdk.proxy2/jdk.proxy2.$Proxy16.getScreenshotAs(Unknown Source)
at org.openqa.selenium.support.events.EventFiringWebDriver.getScreenshotAs(EventFiringWebDriver.java:312)
at com.facebook.qa.util.TestUtil.takeScreenshotAtEndOfTest(TestUtil.java:62)
at com.facebook.qa.util.WebEventListener.onException(WebEventListener.java:60)
at jdk.internal.reflect.GeneratedMethodAccessor4.invoke(Unknown Source)
at java.base/jdk.internal.reflect.DelegatingMethodAccessorImpl.invoke(DelegatingMethodAccessorImpl.java:43)
at java.base/java.lang.reflect.Method.invoke(Method.java:568)
at org.openqa.selenium.support.events.EventFiringWebDriver.lambda$new$0(EventFiringWebDriver.java:94)
at jdk.proxy2/jdk.proxy2.$Proxy15.onException(Unknown Source)
at org.openqa.selenium.support.events.EventFiringWebDriver.lambda$new$1(EventFiringWebDriver.java:117)
at jdk.proxy2/jdk.proxy2.$Proxy16.getScreenshotAs(Unknown Source)
at org.openqa.selenium.support.events.EventFiringWebDriver.getScreenshotAs(EventFiringWebDriver.java:312)
at com.facebook.qa.util.TestUtil.takeScreenshotAtEndOfTest(TestUtil.java:62)
at com.facebook.qa.util.WebEventListener.onException(WebEventListener.java:60)
at jdk.internal.reflect.GeneratedMethodAccessor4.invoke(Unknown Source)
at java.base/jdk.internal.reflect.DelegatingMethodAccessorImpl.invoke(DelegatingMethodAccessorImpl.java:43)
at java.base/java.lang.reflect.Method.invoke(Method.java:568)
at org.openqa.selenium.support.events.EventFiringWebDriver.lambda$new$0(EventFiringWebDriver.java:94)
at jdk.proxy2/jdk.proxy2.$Proxy15.onException(Unknown Source)
at org.openqa.selenium.support.events.EventFiringWebDriver.lambda$new$1(EventFiringWebDriver.java:117)
at jdk.proxy2/jdk.proxy2.$Proxy16.getScreenshotAs(Unknown Source)
at org.openqa.selenium.support.events.EventFiringWebDriver.getScreenshotAs(EventFiringWebDriver.java:312)
at com.facebook.qa.util.TestUtil.takeScreenshotAtEndOfTest(TestUtil.java:62)
at com.facebook.qa.util.WebEventListener.onException(WebEventListener.java:60)
at jdk.internal.reflect.GeneratedMethodAccessor4.invoke(Unknown Source)
at java.base/jdk.internal.reflect.DelegatingMethodAccessorImpl.invoke(DelegatingMethodAccessorImpl.java:43)
at java.base/java.lang.reflect.Method.invoke(Method.java:568)
at org.openqa.selenium.support.events.EventFiringWebDriver.lambda$new$0(EventFiringWebDriver.java:94)
at jdk.proxy2/jdk.proxy2.$Proxy15.onException(Unknown Source)
at org.openqa.selenium.support.events.EventFiringWebDriver.lambda$new$1(EventFiringWebDriver.java:117)
at jdk.proxy2/jdk.proxy2.$Proxy16.getScreenshotAs(Unknown Source)
at org.openqa.selenium.support.events.EventFiringWebDriver.getScreenshotAs(EventFiringWebDriver.java:312)
at com.facebook.qa.util.TestUtil.takeScreenshotAtEndOfTest(TestUtil.java:62)
at com.facebook.qa.util.WebEventListener.onException(WebEventListener.java:60)
at jdk.internal.reflect.GeneratedMethodAccessor4.invoke(Unknown Source)
at java.base/jdk.internal.reflect.DelegatingMethodAccessorImpl.invoke(DelegatingMethodAccessorImpl.java:43)
at java.base/java.lang.reflect.Method.invoke(Method.java:568)
at org.openqa.selenium.support.events.EventFiringWebDriver.lambda$new$0(EventFiringWebDriver.java:94)
at jdk.proxy2/jdk.proxy2.$Proxy15.onException(Unknown Source)
at org.openqa.selenium.support.events.EventFiringWebDriver.lambda$new$1(EventFiringWebDriver.java:117)
at jdk.proxy2/jdk.proxy2.$Proxy16.getScreenshotAs(Unknown Source)
at org.openqa.selenium.support.events.EventFiringWebDriver.getScreenshotAs(EventFiringWebDriver.java:312)
at com.facebook.qa.util.TestUtil.takeScreenshotAtEndOfTest(TestUtil.java:62)
at com.facebook.qa.util.WebEventListener.onException(WebEventListener.java:60)
at jdk.internal.reflect.GeneratedMethodAccessor4.invoke(Unknown Source)
at java.base/jdk.internal.reflect.DelegatingMethodAccessorImpl.invoke(DelegatingMethodAccessorImpl.java:43)
at java.base/java.lang.reflect.Method.invoke(Method.java:568)
at org.openqa.selenium.support.events.EventFiringWebDriver.lambda$new$0(EventFiringWebDriver.java:94)
at jdk.proxy2/jdk.proxy2.$Proxy15.onException(Unknown Source)
at org.openqa.selenium.support.events.EventFiringWebDriver.lambda$new$1(EventFiringWebDriver.java:117)
at jdk.proxy2/jdk.proxy2.$Proxy16.getScreenshotAs(Unknown Source)
at org.openqa.selenium.support.events.EventFiringWebDriver.getScreenshotAs(EventFiringWebDriver.java:312)
at com.facebook.qa.util.TestUtil.takeScreenshotAtEndOfTest(TestUtil.java:62)
at com.facebook.qa.util.WebEventListener.onException(WebEventListener.java:60)
at jdk.internal.reflect.GeneratedMethodAccessor4.invoke(Unknown Source)
at java.base/jdk.internal.reflect.DelegatingMethodAccessorImpl.invoke(DelegatingMethodAccessorImpl.java:43)
at java.base/java.lang.reflect.Method.invoke(Method.java:568)
at org.openqa.selenium.support.events.EventFiringWebDriver.lambda$new$0(EventFiringWebDriver.java:94)
at jdk.proxy2/jdk.proxy2.$Proxy15.onException(Unknown Source)
at org.openqa.selenium.support.events.EventFiringWebDriver.lambda$new$1(EventFiringWebDriver.java:117)
at jdk.proxy2/jdk.proxy2.$Proxy16.getScreenshotAs(Unknown Source)
at org.openqa.selenium.support.events.EventFiringWebDriver.getScreenshotAs(EventFiringWebDriver.java:312)
at com.facebook.qa.util.TestUtil.takeScreenshotAtEndOfTest(TestUtil.java:62)
at com.facebook.qa.util.WebEventListener.onException(WebEventListener.java:60)
at jdk.internal.reflect.GeneratedMethodAccessor4.invoke(Unknown Source)
at java.base/jdk.internal.reflect.DelegatingMethodAccessorImpl.invoke(DelegatingMethodAccessorImpl.java:43)
at java.base/java.lang.reflect.Method.invoke(Method.java:568)
at org.openqa.selenium.support.events.EventFiringWebDriver.lambda$new$0(EventFiringWebDriver.java:94)
at jdk.proxy2/jdk.proxy2.$Proxy15.onException(Unknown Source)
at org.openqa.selenium.support.events.EventFiringWebDriver.lambda$new$1(EventFiringWebDriver.java:117)
at jdk.proxy2/jdk.proxy2.$Proxy16.getScreenshotAs(Unknown Source)
at org.openqa.selenium.support.events.EventFiringWebDriver.getScreenshotAs(EventFiringWebDriver.java:312)
at com.facebook.qa.util.TestUtil.takeScreenshotAtEndOfTest(TestUtil.java:62)
at com.facebook.qa.util.WebEventListener.onException(WebEventListener.java:60)
at jdk.internal.reflect.GeneratedMethodAccessor4.invoke(Unknown Source)
at java.base/jdk.internal.reflect.DelegatingMethodAccessorImpl.invoke(DelegatingMethodAccessorImpl.java:43)
at java.base/java.lang.reflect.Method.invoke(Method.java:568)
at org.openqa.selenium.support.events.EventFiringWebDriver.lambda$new$0(EventFiringWebDriver.java:94)
at jdk.proxy2/jdk.proxy2.$Proxy15.onException(Unknown Source)
at org.openqa.selenium.support.events.EventFiringWebDriver.lambda$new$1(EventFiringWebDriver.java:117)
at jdk.proxy2/jdk.proxy2.$Proxy16.getScreenshotAs(Unknown Source)
at org.openqa.selenium.support.events.EventFiringWebDriver.getScreenshotAs(EventFiringWebDriver.java:312)
at com.facebook.qa.util.TestUtil.takeScreenshotAtEndOfTest(TestUtil.java:62)
at com.facebook.qa.util.WebEventListener.onException(WebEventListener.java:60)
at jdk.internal.reflect.GeneratedMethodAccessor4.invoke(Unknown Source)
at java.base/jdk.internal.reflect.DelegatingMethodAccessorImpl.invoke(DelegatingMethodAccessorImpl.java:43)
at java.base/java.lang.reflect.Method.invoke(Method.java:568)
at org.openqa.selenium.support.events.EventFiringWebDriver.lambda$new$0(EventFiringWebDriver.java:94)
at jdk.proxy2/jdk.proxy2.$Proxy15.onException(Unknown Source)
at org.openqa.selenium.support.events.EventFiringWebDriver.lambda$new$1(EventFiringWebDriver.java:117)
at jdk.proxy2/jdk.proxy2.$Proxy16.getScreenshotAs(Unknown Source)
at org.openqa.selenium.support.events.EventFiringWebDriver.getScreenshotAs(EventFiringWebDriver.java:312)
at com.facebook.qa.util.TestUtil.takeScreenshotAtEndOfTest(TestUtil.java:62)
at com.facebook.qa.util.WebEventListener.onException(WebEventListener.java:60)
at jdk.internal.reflect.GeneratedMethodAccessor4.invoke(Unknown Source)
at java.base/jdk.internal.reflect.DelegatingMethodAccessorImpl.invoke(DelegatingMethodAccessorImpl.java:43)
at java.base/java.lang.reflect.Method.invoke(Method.java:568)
at org.openqa.selenium.support.events.EventFiringWebDriver.lambda$new$0(EventFiringWebDriver.java:94)
at jdk.proxy2/jdk.proxy2.$Proxy15.onException(Unknown Source)
at org.openqa.selenium.support.events.EventFiringWebDriver.lambda$new$1(EventFiringWebDriver.java:117)
at jdk.proxy2/jdk.proxy2.$Proxy16.getScreenshotAs(Unknown Source)
at org.openqa.selenium.support.events.EventFiringWebDriver.getScreenshotAs(EventFiringWebDriver.java:312)
at com.facebook.qa.util.TestUtil.takeScreenshotAtEndOfTest(TestUtil.java:62)
at com.facebook.qa.util.WebEventListener.onException(WebEventListener.java:60)
at jdk.internal.reflect.GeneratedMethodAccessor4.invoke(Unknown Source)
at java.base/jdk.internal.reflect.DelegatingMethodAccessorImpl.invoke(DelegatingMethodAccessorImpl.java:43)
at java.base/java.lang.reflect.Method.invoke(Method.java:568)
at org.openqa.selenium.support.events.EventFiringWebDriver.lambda$new$0(EventFiringWebDriver.java:94)
at jdk.proxy2/jdk.proxy2.$Proxy15.onException(Unknown Source)
at org.openqa.selenium.support.events.EventFiringWebDriver.lambda$new$1(EventFiringWebDriver.java:117)
at jdk.proxy2/jdk.proxy2.$Proxy16.getScreenshotAs(Unknown Source)
at org.openqa.selenium.support.events.EventFiringWebDriver.getScreenshotAs(EventFiringWebDriver.java:312)
at com.facebook.qa.util.TestUtil.takeScreenshotAtEndOfTest(TestUtil.java:62)
at com.facebook.qa.util.WebEventListener.onException(WebEventListener.java:60)
at jdk.internal.reflect.GeneratedMethodAccessor4.invoke(Unknown Source)
at java.base/jdk.internal.reflect.DelegatingMethodAccessorImpl.invoke(DelegatingMethodAccessorImpl.java:43)
at java.base/java.lang.reflect.Method.invoke(Method.java:568)
at org.openqa.selenium.support.events.EventFiringWebDriver.lambda$new$0(EventFiringWebDriver.java:94)
at jdk.proxy2/jdk.proxy2.$Proxy15.onException(Unknown Source)
at org.openqa.selenium.support.events.EventFiringWebDriver.lambda$new$1(EventFiringWebDriver.java:117)
at jdk.proxy2/jdk.proxy2.$Proxy16.getScreenshotAs(Unknown Source)
at org.openqa.selenium.support.events.EventFiringWebDriver.getScreenshotAs(EventFiringWebDriver.java:312)
at com.facebook.qa.util.TestUtil.takeScreenshotAtEndOfTest(TestUtil.java:62)
at com.facebook.qa.util.WebEventListener.onException(WebEventListener.java:60)
at jdk.internal.reflect.GeneratedMethodAccessor4.invoke(Unknown Source)
at java.base/jdk.internal.reflect.DelegatingMethodAccessorImpl.invoke(DelegatingMethodAccessorImpl.java:43)
at java.base/java.lang.reflect.Method.invoke(Method.java:568)
at org.openqa.selenium.support.events.EventFiringWebDriver.lambda$new$0(EventFiringWebDriver.java:94)
at jdk.proxy2/jdk.proxy2.$Proxy15.onException(Unknown Source)
at org.openqa.selenium.support.events.EventFiringWebDriver.lambda$new$1(EventFiringWebDriver.java:117)
at jdk.proxy2/jdk.proxy2.$Proxy16.getScreenshotAs(Unknown Source)
at org.openqa.selenium.support.events.EventFiringWebDriver.getScreenshotAs(EventFiringWebDriver.java:312)
at com.facebook.qa.util.TestUtil.takeScreenshotAtEndOfTest(TestUtil.java:62)
at com.facebook.qa.util.WebEventListener.onException(WebEventListener.java:60)
at jdk.internal.reflect.GeneratedMethodAccessor4.invoke(Unknown Source)
at java.base/jdk.internal.reflect.DelegatingMethodAccessorImpl.invoke(DelegatingMethodAccessorImpl.java:43)
at java.base/java.lang.reflect.Method.invoke(Method.java:568)
at org.openqa.selenium.support.events.EventFiringWebDriver.lambda$new$0(EventFiringWebDriver.java:94)
at jdk.proxy2/jdk.proxy2.$Proxy15.onException(Unknown Source)
at org.openqa.selenium.support.events.EventFiringWebDriver.lambda$new$1(EventFiringWebDriver.java:117)
at jdk.proxy2/jdk.proxy2.$Proxy16.getScreenshotAs(Unknown Source)
at org.openqa.selenium.support.events.EventFiringWebDriver.getScreenshotAs(EventFiringWebDriver.java:312)
at com.facebook.qa.util.TestUtil.takeScreenshotAtEndOfTest(TestUtil.java:62)
at com.facebook.qa.util.WebEventListener.onException(WebEventListener.java:60)
at jdk.internal.reflect.GeneratedMethodAccessor4.invoke(Unknown Source)
at java.base/jdk.internal.reflect.DelegatingMethodAccessorImpl.invoke(DelegatingMethodAccessorImpl.java:43)
at java.base/java.lang.reflect.Method.invoke(Method.java:568)
at org.openqa.selenium.support.events.EventFiringWebDriver.lambda$new$0(EventFiringWebDriver.java:94)
at jdk.proxy2/jdk.proxy2.$Proxy15.onException(Unknown Source)
at org.openqa.selenium.support.events.EventFiringWebDriver.lambda$new$1(EventFiringWebDriver.java:117)
at jdk.proxy2/jdk.proxy2.$Proxy16.getScreenshotAs(Unknown Source)
at org.openqa.selenium.support.events.EventFiringWebDriver.getScreenshotAs(EventFiringWebDriver.java:312)
at com.facebook.qa.util.TestUtil.takeScreenshotAtEndOfTest(TestUtil.java:62)
at com.facebook.qa.util.WebEventListener.onException(WebEventListener.java:60)
at jdk.internal.reflect.GeneratedMethodAccessor4.invoke(Unknown Source)
at java.base/jdk.internal.reflect.DelegatingMethodAccessorImpl.invoke(DelegatingMethodAccessorImpl.java:43)
at java.base/java.lang.reflect.Method.invoke(Method.java:568)
at org.openqa.selenium.support.events.EventFiringWebDriver.lambda$new$0(EventFiringWebDriver.java:94)
at jdk.proxy2/jdk.proxy2.$Proxy15.onException(Unknown Source)
at org.openqa.selenium.support.events.EventFiringWebDriver.lambda$new$1(EventFiringWebDriver.java:117)
at jdk.proxy2/jdk.proxy2.$Proxy16.getScreenshotAs(Unknown Source)
at org.openqa.selenium.support.events.EventFiringWebDriver.getScreenshotAs(EventFiringWebDriver.java:312)
at com.facebook.qa.util.TestUtil.takeScreenshotAtEndOfTest(TestUtil.java:62)
at com.facebook.qa.util.WebEventListener.onException(WebEventListener.java:60)
at jdk.internal.reflect.GeneratedMethodAccessor4.invoke(Unknown Source)
at java.base/jdk.internal.reflect.DelegatingMethodAccessorImpl.invoke(DelegatingMethodAccessorImpl.java:43)
at java.base/java.lang.reflect.Method.invoke(Method.java:568)
at org.openqa.selenium.support.events.EventFiringWebDriver.lambda$new$0(EventFiringWebDriver.java:94)
at jdk.proxy2/jdk.proxy2.$Proxy15.onException(Unknown Source)
at org.openqa.selenium.support.events.EventFiringWebDriver.lambda$new$1(EventFiringWebDriver.java:117)
at jdk.proxy2/jdk.proxy2.$Proxy16.getScreenshotAs(Unknown Source)
at org.openqa.selenium.support.events.EventFiringWebDriver.getScreenshotAs(EventFiringWebDriver.java:312)
at com.facebook.qa.util.TestUtil.takeScreenshotAtEndOfTest(TestUtil.java:62)
at com.facebook.qa.util.WebEventListener.onException(WebEventListener.java:60)
at jdk.internal.reflect.GeneratedMethodAccessor4.invoke(Unknown Source)
at java.base/jdk.internal.reflect.DelegatingMethodAccessorImpl.invoke(DelegatingMethodAccessorImpl.java:43)
at java.base/java.lang.reflect.Method.invoke(Method.java:568)
at org.openqa.selenium.support.events.EventFiringWebDriver.lambda$new$0(EventFiringWebDriver.java:94)
at jdk.proxy2/jdk.proxy2.$Proxy15.onException(Unknown Source)
at org.openqa.selenium.support.events.EventFiringWebDriver.lambda$new$1(EventFiringWebDriver.java:117)
at jdk.proxy2/jdk.proxy2.$Proxy16.getScreenshotAs(Unknown Source)
at org.openqa.selenium.support.events.EventFiringWebDriver.getScreenshotAs(EventFiringWebDriver.java:312)
at com.facebook.qa.util.TestUtil.takeScreenshotAtEndOfTest(TestUtil.java:62)
at com.facebook.qa.util.WebEventListener.onException(WebEventListener.java:60)
at jdk.internal.reflect.GeneratedMethodAccessor4.invoke(Unknown Source)
at java.base/jdk.internal.reflect.DelegatingMethodAccessorImpl.invoke(DelegatingMethodAccessorImpl.java:43)
at java.base/java.lang.reflect.Method.invoke(Method.java:568)
at org.openqa.selenium.support.events.EventFiringWebDriver.lambda$new$0(EventFiringWebDriver.java:94)
at jdk.proxy2/jdk.proxy2.$Proxy15.onException(Unknown Source)
at org.openqa.selenium.support.events.EventFiringWebDriver.lambda$new$1(EventFiringWebDriver.java:117)
at jdk.proxy2/jdk.proxy2.$Proxy16.getScreenshotAs(Unknown Source)
at org.openqa.selenium.support.events.EventFiringWebDriver.getScreenshotAs(EventFiringWebDriver.java:312)
at com.facebook.qa.util.TestUtil.takeScreenshotAtEndOfTest(TestUtil.java:62)
at com.facebook.qa.util.WebEventListener.onException(WebEventListener.java:60)
at jdk.internal.reflect.GeneratedMethodAccessor4.invoke(Unknown Source)
at java.base/jdk.internal.reflect.DelegatingMethodAccessorImpl.invoke(DelegatingMethodAccessorImpl.java:43)
at java.base/java.lang.reflect.Method.invoke(Method.java:568)
at org.openqa.selenium.support.events.EventFiringWebDriver.lambda$new$0(EventFiringWebDriver.java:94)
at jdk.proxy2/jdk.proxy2.$Proxy15.onException(Unknown Source)
at org.openqa.selenium.support.events.EventFiringWebDriver.lambda$new$1(EventFiringWebDriver.java:117)
at jdk.proxy2/jdk.proxy2.$Proxy16.getScreenshotAs(Unknown Source)
at org.openqa.selenium.support.events.EventFiringWebDriver.getScreenshotAs(EventFiringWebDriver.java:312)
at com.facebook.qa.util.TestUtil.takeScreenshotAtEndOfTest(TestUtil.java:62)
at com.facebook.qa.util.WebEventListener.onException(WebEventListener.java:60)
at jdk.internal.reflect.GeneratedMethodAccessor4.invoke(Unknown Source)
at java.base/jdk.internal.reflect.DelegatingMethodAccessorImpl.invoke(DelegatingMethodAccessorImpl.java:43)
at java.base/java.lang.reflect.Method.invoke(Method.java:568)
at org.openqa.selenium.support.events.EventFiringWebDriver.lambda$new$0(EventFiringWebDriver.java:94)
at jdk.proxy2/jdk.proxy2.$Proxy15.onException(Unknown Source)
at org.openqa.selenium.support.events.EventFiringWebDriver.lambda$new$1(EventFiringWebDriver.java:117)
at jdk.proxy2/jdk.proxy2.$Proxy16.getScreenshotAs(Unknown Source)
at org.openqa.selenium.support.events.EventFiringWebDriver.getScreenshotAs(EventFiringWebDriver.java:312)
at com.facebook.qa.util.TestUtil.takeScreenshotAtEndOfTest(TestUtil.java:62)
at com.facebook.qa.util.WebEventListener.onException(WebEventListener.java:60)
at jdk.internal.reflect.GeneratedMethodAccessor4.invoke(Unknown Source)
at java.base/jdk.internal.reflect.DelegatingMethodAccessorImpl.invoke(DelegatingMethodAccessorImpl.java:43)
at java.base/java.lang.reflect.Method.invoke(Method.java:568)
at org.openqa.selenium.support.events.EventFiringWebDriver.lambda$new$0(EventFiringWebDriver.java:94)
at jdk.proxy2/jdk.proxy2.$Proxy15.onException(Unknown Source)
at org.openqa.selenium.support.events.EventFiringWebDriver.lambda$new$1(EventFiringWebDriver.java:117)
at jdk.proxy2/jdk.proxy2.$Proxy16.getScreenshotAs(Unknown Source)
at org.openqa.selenium.support.events.EventFiringWebDriver.getScreenshotAs(EventFiringWebDriver.java:312)
at com.facebook.qa.util.TestUtil.takeScreenshotAtEndOfTest(TestUtil.java:62)
at com.facebook.qa.util.WebEventListener.onException(WebEventListener.java:60)
at jdk.internal.reflect.GeneratedMethodAccessor4.invoke(Unknown Source)
at java.base/jdk.internal.reflect.DelegatingMethodAccessorImpl.invoke(DelegatingMethodAccessorImpl.java:43)
at java.base/java.lang.reflect.Method.invoke(Method.java:568)
at org.openqa.selenium.support.events.EventFiringWebDriver.lambda$new$0(EventFiringWebDriver.java:94)
at jdk.proxy2/jdk.proxy2.$Proxy15.onException(Unknown Source)
at org.openqa.selenium.support.events.EventFiringWebDriver.lambda$new$1(EventFiringWebDriver.java:117)
at jdk.proxy2/jdk.proxy2.$Proxy16.getScreenshotAs(Unknown Source)
at org.openqa.selenium.support.events.EventFiringWebDriver.getScreenshotAs(EventFiringWebDriver.java:312)
at com.facebook.qa.util.TestUtil.takeScreenshotAtEndOfTest(TestUtil.java:62)
at com.facebook.qa.util.WebEventListener.onException(WebEventListener.java:60)
at jdk.internal.reflect.GeneratedMethodAccessor4.invoke(Unknown Source)
at java.base/jdk.internal.reflect.DelegatingMethodAccessorImpl.invoke(DelegatingMethodAccessorImpl.java:43)
at java.base/java.lang.reflect.Method.invoke(Method.java:568)
at org.openqa.selenium.support.events.EventFiringWebDriver.lambda$new$0(EventFiringWebDriver.java:94)
at jdk.proxy2/jdk.proxy2.$Proxy15.onException(Unknown Source)
at org.openqa.selenium.support.events.EventFiringWebDriver.lambda$new$1(EventFiringWebDriver.java:117)
at jdk.proxy2/jdk.proxy2.$Proxy16.getScreenshotAs(Unknown Source)
at org.openqa.selenium.support.events.EventFiringWebDriver.getScreenshotAs(EventFiringWebDriver.java:312)
at com.facebook.qa.util.TestUtil.takeScreenshotAtEndOfTest(TestUtil.java:62)
at com.facebook.qa.util.WebEventListener.onException(WebEventListener.java:60)
at jdk.internal.reflect.GeneratedMethodAccessor4.invoke(Unknown Source)
at java.base/jdk.internal.reflect.DelegatingMethodAccessorImpl.invoke(DelegatingMethodAccessorImpl.java:43)
at java.base/java.lang.reflect.Method.invoke(Method.java:568)
at org.openqa.selenium.support.events.EventFiringWebDriver.lambda$new$0(EventFiringWebDriver.java:94)
at jdk.proxy2/jdk.proxy2.$Proxy15.onException(Unknown Source)
at org.openqa.selenium.support.events.EventFiringWebDriver.lambda$new$1(EventFiringWebDriver.java:117)
at jdk.proxy2/jdk.proxy2.$Proxy16.getScreenshotAs(Unknown Source)
at org.openqa.selenium.support.events.EventFiringWebDriver.getScreenshotAs(EventFiringWebDriver.java:312)
at com.facebook.qa.util.TestUtil.takeScreenshotAtEndOfTest(TestUtil.java:62)
at com.facebook.qa.util.WebEventListener.onException(WebEventListener.java:60)
at jdk.internal.reflect.GeneratedMethodAccessor4.invoke(Unknown Source)
at java.base/jdk.internal.reflect.DelegatingMethodAccessorImpl.invoke(DelegatingMethodAccessorImpl.java:43)
at java.base/java.lang.reflect.Method.invoke(Method.java:568)
at org.openqa.selenium.support.events.EventFiringWebDriver.lambda$new$0(EventFiringWebDriver.java:94)
at jdk.proxy2/jdk.proxy2.$Proxy15.onException(Unknown Source)
at org.openqa.selenium.support.events.EventFiringWebDriver.lambda$new$1(EventFiringWebDriver.java:117)
at jdk.proxy2/jdk.proxy2.$Proxy16.getScreenshotAs(Unknown Source)
at org.openqa.selenium.support.events.EventFiringWebDriver.getScreenshotAs(EventFiringWebDriver.java:312)
at com.facebook.qa.util.TestUtil.takeScreenshotAtEndOfTest(TestUtil.java:62)
at com.facebook.qa.util.WebEventListener.onException(WebEventListener.java:60)
at jdk.internal.reflect.GeneratedMethodAccessor4.invoke(Unknown Source)
at java.base/jdk.internal.reflect.DelegatingMethodAccessorImpl.invoke(DelegatingMethodAccessorImpl.java:43)
at java.base/java.lang.reflect.Method.invoke(Method.java:568)
at org.openqa.selenium.support.events.EventFiringWebDriver.lambda$new$0(EventFiringWebDriver.java:94)
at jdk.proxy2/jdk.proxy2.$Proxy15.onException(Unknown Source)
at org.openqa.selenium.support.events.EventFiringWebDriver.lambda$new$1(EventFiringWebDriver.java:117)
at jdk.proxy2/jdk.proxy2.$Proxy16.getScreenshotAs(Unknown Source)
at org.openqa.selenium.support.events.EventFiringWebDriver.getScreenshotAs(EventFiringWebDriver.java:312)
at com.facebook.qa.util.TestUtil.takeScreenshotAtEndOfTest(TestUtil.java:62)
at com.facebook.qa.util.WebEventListener.onException(WebEventListener.java:60)
at jdk.internal.reflect.GeneratedMethodAccessor4.invoke(Unknown Source)
at java.base/jdk.internal.reflect.DelegatingMethodAccessorImpl.invoke(DelegatingMethodAccessorImpl.java:43)
at java.base/java.lang.reflect.Method.invoke(Method.java:568)
at org.openqa.selenium.support.events.EventFiringWebDriver.lambda$new$0(EventFiringWebDriver.java:94)
at jdk.proxy2/jdk.proxy2.$Proxy15.onException(Unknown Source)
at org.openqa.selenium.support.events.EventFiringWebDriver.lambda$new$1(EventFiringWebDriver.java:117)
at jdk.proxy2/jdk.proxy2.$Proxy16.getScreenshotAs(Unknown Source)
at org.openqa.selenium.support.events.EventFiringWebDriver.getScreenshotAs(EventFiringWebDriver.java:312)
at com.facebook.qa.util.TestUtil.takeScreenshotAtEndOfTest(TestUtil.java:62)
at com.facebook.qa.util.WebEventListener.onException(WebEventListener.java:60)
at jdk.internal.reflect.GeneratedMethodAccessor4.invoke(Unknown Source)
at java.base/jdk.internal.reflect.DelegatingMethodAccessorImpl.invoke(DelegatingMethodAccessorImpl.java:43)
at java.base/java.lang.reflect.Method.invoke(Method.java:568)
at org.openqa.selenium.support.events.EventFiringWebDriver.lambda$new$0(EventFiringWebDriver.java:94)
at jdk.proxy2/jdk.proxy2.$Proxy15.onException(Unknown Source)
at org.openqa.selenium.support.events.EventFiringWebDriver.lambda$new$1(EventFiringWebDriver.java:117)
at jdk.proxy2/jdk.proxy2.$Proxy16.getScreenshotAs(Unknown Source)
at org.openqa.selenium.support.events.EventFiringWebDriver.getScreenshotAs(EventFiringWebDriver.java:312)
at com.facebook.qa.util.TestUtil.takeScreenshotAtEndOfTest(TestUtil.java:62)
at com.facebook.qa.util.WebEventListener.onException(WebEventListener.java:60)
at jdk.internal.reflect.GeneratedMethodAccessor4.invoke(Unknown Source)
at java.base/jdk.internal.reflect.DelegatingMethodAccessorImpl.invoke(DelegatingMethodAccessorImpl.java:43)
at java.base/java.lang.reflect.Method.invoke(Method.java:568)
at org.openqa.selenium.support.events.EventFiringWebDriver.lambda$new$0(EventFiringWebDriver.java:94)
at jdk.proxy2/jdk.proxy2.$Proxy15.onException(Unknown Source)
at org.openqa.selenium.support.events.EventFiringWebDriver.lambda$new$1(EventFiringWebDriver.java:117)
at jdk.proxy2/jdk.proxy2.$Proxy16.getScreenshotAs(Unknown Source)
at org.openqa.selenium.support.events.EventFiringWebDriver.getScreenshotAs(EventFiringWebDriver.java:312)
at com.facebook.qa.util.TestUtil.takeScreenshotAtEndOfTest(TestUtil.java:62)
at com.facebook.qa.util.WebEventListener.onException(WebEventListener.java:60)
at jdk.internal.reflect.GeneratedMethodAccessor4.invoke(Unknown Source)
at java.base/jdk.internal.reflect.DelegatingMethodAccessorImpl.invoke(DelegatingMethodAccessorImpl.java:43)
at java.base/java.lang.reflect.Method.invoke(Method.java:568)
at org.openqa.selenium.support.events.EventFiringWebDriver.lambda$new$0(EventFiringWebDriver.java:94)
at jdk.proxy2/jdk.proxy2.$Proxy15.onException(Unknown Source)
at org.openqa.selenium.support.events.EventFiringWebDriver.lambda$new$1(EventFiringWebDriver.java:117)
at jdk.proxy2/jdk.proxy2.$Proxy16.getScreenshotAs(Unknown Source)
at org.openqa.selenium.support.events.EventFiringWebDriver.getScreenshotAs(EventFiringWebDriver.java:312)
at com.facebook.qa.util.TestUtil.takeScreenshotAtEndOfTest(TestUtil.java:62)
at com.facebook.qa.util.WebEventListener.onException(WebEventListener.java:60)
at jdk.internal.reflect.GeneratedMethodAccessor4.invoke(Unknown Source)
at java.base/jdk.internal.reflect.DelegatingMethodAccessorImpl.invoke(DelegatingMethodAccessorImpl.java:43)
at java.base/java.lang.reflect.Method.invoke(Method.java:568)
at org.openqa.selenium.support.events.EventFiringWebDriver.lambda$new$0(EventFiringWebDriver.java:94)
at jdk.proxy2/jdk.proxy2.$Proxy15.onException(Unknown Source)
at org.openqa.selenium.support.events.EventFiringWebDriver.lambda$new$1(EventFiringWebDriver.java:117)
at jdk.proxy2/jdk.proxy2.$Proxy16.getScreenshotAs(Unknown Source)
at org.openqa.selenium.support.events.EventFiringWebDriver.getScreenshotAs(EventFiringWebDriver.java:312)
at com.facebook.qa.util.TestUtil.takeScreenshotAtEndOfTest(TestUtil.java:62)
at com.facebook.qa.util.WebEventListener.onException(WebEventListener.java:60)
at jdk.internal.reflect.GeneratedMethodAccessor4.invoke(Unknown Source)
at java.base/jdk.internal.reflect.DelegatingMethodAccessorImpl.invoke(DelegatingMethodAccessorImpl.java:43)
at java.base/java.lang.reflect.Method.invoke(Method.java:568)
at org.openqa.selenium.support.events.EventFiringWebDriver.lambda$new$0(EventFiringWebDriver.java:94)
at jdk.proxy2/jdk.proxy2.$Proxy15.onException(Unknown Source)
at org.openqa.selenium.support.events.EventFiringWebDriver.lambda$new$1(EventFiringWebDriver.java:117)
at jdk.proxy2/jdk.proxy2.$Proxy16.getScreenshotAs(Unknown Source)
at org.openqa.selenium.support.events.EventFiringWebDriver.getScreenshotAs(EventFiringWebDriver.java:312)
at com.facebook.qa.util.TestUtil.takeScreenshotAtEndOfTest(TestUtil.java:62)
at com.facebook.qa.util.WebEventListener.onException(WebEventListener.java:60)
at jdk.internal.reflect.GeneratedMethodAccessor4.invoke(Unknown Source)
at java.base/jdk.internal.reflect.DelegatingMethodAccessorImpl.invoke(DelegatingMethodAccessorImpl.java:43)
at java.base/java.lang.reflect.Method.invoke(Method.java:568)
at org.openqa.selenium.support.events.EventFiringWebDriver.lambda$new$0(EventFiringWebDriver.java:94)
at jdk.proxy2/jdk.proxy2.$Proxy15.onException(Unknown Source)
at org.openqa.selenium.support.events.EventFiringWebDriver.lambda$new$1(EventFiringWebDriver.java:117)
at jdk.proxy2/jdk.proxy2.$Proxy16.getScreenshotAs(Unknown Source)
at org.openqa.selenium.support.events.EventFiringWebDriver.getScreenshotAs(EventFiringWebDriver.java:312)
at com.facebook.qa.util.TestUtil.takeScreenshotAtEndOfTest(TestUtil.java:62)
at com.facebook.qa.util.WebEventListener.onException(WebEventListener.java:60)
at jdk.internal.reflect.GeneratedMethodAccessor4.invoke(Unknown Source)
at java.base/jdk.internal.reflect.DelegatingMethodAccessorImpl.invoke(DelegatingMethodAccessorImpl.java:43)
at java.base/java.lang.reflect.Method.invoke(Method.java:568)
at org.openqa.selenium.support.events.EventFiringWebDriver.lambda$new$0(EventFiringWebDriver.java:94)
at jdk.proxy2/jdk.proxy2.$Proxy15.onException(Unknown Source)
at org.openqa.selenium.support.events.EventFiringWebDriver.lambda$new$1(EventFiringWebDriver.java:117)
at jdk.proxy2/jdk.proxy2.$Proxy16.getScreenshotAs(Unknown Source)
at org.openqa.selenium.support.events.EventFiringWebDriver.getScreenshotAs(EventFiringWebDriver.java:312)
at com.facebook.qa.util.TestUtil.takeScreenshotAtEndOfTest(TestUtil.java:62)
at com.facebook.qa.util.WebEventListener.onException(WebEventListener.java:60)
at jdk.internal.reflect.GeneratedMethodAccessor4.invoke(Unknown Source)
at java.base/jdk.internal.reflect.DelegatingMethodAccessorImpl.invoke(DelegatingMethodAccessorImpl.java:43)
at java.base/java.lang.reflect.Method.invoke(Method.java:568)
at org.openqa.selenium.support.events.EventFiringWebDriver.lambda$new$0(EventFiringWebDriver.java:94)
at jdk.proxy2/jdk.proxy2.$Proxy15.onException(Unknown Source)
at org.openqa.selenium.support.events.EventFiringWebDriver.lambda$new$1(EventFiringWebDriver.java:117)
at jdk.proxy2/jdk.proxy2.$Proxy16.getScreenshotAs(Unknown Source)
at org.openqa.selenium.support.events.EventFiringWebDriver.getScreenshotAs(EventFiringWebDriver.java:312)
at com.facebook.qa.util.TestUtil.takeScreenshotAtEndOfTest(TestUtil.java:62)
at com.facebook.qa.util.WebEventListener.onException(WebEventListener.java:60)
at jdk.internal.reflect.GeneratedMethodAccessor4.invoke(Unknown Source)
at java.base/jdk.internal.reflect.DelegatingMethodAccessorImpl.invoke(DelegatingMethodAccessorImpl.java:43)
at java.base/java.lang.reflect.Method.invoke(Method.java:568)
at org.openqa.selenium.support.events.EventFiringWebDriver.lambda$new$0(EventFiringWebDriver.java:94)
at jdk.proxy2/jdk.proxy2.$Proxy15.onException(Unknown Source)
at org.openqa.selenium.support.events.EventFiringWebDriver.lambda$new$1(EventFiringWebDriver.java:117)
at jdk.proxy2/jdk.proxy2.$Proxy16.getScreenshotAs(Unknown Source)
at org.openqa.selenium.support.events.EventFiringWebDriver.getScreenshotAs(EventFiringWebDriver.java:312)
at com.facebook.qa.util.TestUtil.takeScreenshotAtEndOfTest(TestUtil.java:62)
at com.facebook.qa.util.WebEventListener.onException(WebEventListener.java:60)
at jdk.internal.reflect.GeneratedMethodAccessor4.invoke(Unknown Source)
at java.base/jdk.internal.reflect.DelegatingMethodAccessorImpl.invoke(DelegatingMethodAccessorImpl.java:43)
at java.base/java.lang.reflect.Method.invoke(Method.java:568)
at org.openqa.selenium.support.events.EventFiringWebDriver.lambda$new$0(EventFiringWebDriver.java:94)
at jdk.proxy2/jdk.proxy2.$Proxy15.onException(Unknown Source)
at org.openqa.selenium.support.events.EventFiringWebDriver.lambda$new$1(EventFiringWebDriver.java:117)
at jdk.proxy2/jdk.proxy2.$Proxy16.getScreenshotAs(Unknown Source)
at org.openqa.selenium.support.events.EventFiringWebDriver.getScreenshotAs(EventFiringWebDriver.java:312)
at com.facebook.qa.util.TestUtil.takeScreenshotAtEndOfTest(TestUtil.java:62)
at com.facebook.qa.util.WebEventListener.onException(WebEventListener.java:60)
at jdk.internal.reflect.GeneratedMethodAccessor4.invoke(Unknown Source)
at java.base/jdk.internal.reflect.DelegatingMethodAccessorImpl.invoke(DelegatingMethodAccessorImpl.java:43)
at java.base/java.lang.reflect.Method.invoke(Method.java:568)
at org.openqa.selenium.support.events.EventFiringWebDriver.lambda$new$0(EventFiringWebDriver.java:94)
at jdk.proxy2/jdk.proxy2.$Proxy15.onException(Unknown Source)
at org.openqa.selenium.support.events.EventFiringWebDriver.lambda$new$1(EventFiringWebDriver.java:117)
at jdk.proxy2/jdk.proxy2.$Proxy16.getScreenshotAs(Unknown Source)
at org.openqa.selenium.support.events.EventFiringWebDriver.getScreenshotAs(EventFiringWebDriver.java:312)
at com.facebook.qa.util.TestUtil.takeScreenshotAtEndOfTest(TestUtil.java:62)
at com.facebook.qa.util.WebEventListener.onException(WebEventListener.java:60)
at jdk.internal.reflect.GeneratedMethodAccessor4.invoke(Unknown Source)
at java.base/jdk.internal.reflect.DelegatingMethodAccessorImpl.invoke(DelegatingMethodAccessorImpl.java:43)
at java.base/java.lang.reflect.Method.invoke(Method.java:568)
at org.openqa.selenium.support.events.EventFiringWebDriver.lambda$new$0(EventFiringWebDriver.java:94)
at jdk.proxy2/jdk.proxy2.$Proxy15.onException(Unknown Source)
at org.openqa.selenium.support.events.EventFiringWebDriver.lambda$new$1(EventFiringWebDriver.java:117)
at jdk.proxy2/jdk.proxy2.$Proxy16.getScreenshotAs(Unknown Source)
at org.openqa.selenium.support.events.EventFiringWebDriver.getScreenshotAs(EventFiringWebDriver.java:312)
at com.facebook.qa.util.TestUtil.takeScreenshotAtEndOfTest(TestUtil.java:62)
at com.facebook.qa.util.WebEventListener.onException(WebEventListener.java:60)
at jdk.internal.reflect.GeneratedMethodAccessor4.invoke(Unknown Source)
at java.base/jdk.internal.reflect.DelegatingMethodAccessorImpl.invoke(DelegatingMethodAccessorImpl.java:43)
at java.base/java.lang.reflect.Method.invoke(Method.java:568)
at org.openqa.selenium.support.events.EventFiringWebDriver.lambda$new$0(EventFiringWebDriver.java:94)
at jdk.proxy2/jdk.proxy2.$Proxy15.onException(Unknown Source)
at org.openqa.selenium.support.events.EventFiringWebDriver.lambda$new$1(EventFiringWebDriver.java:117)
at jdk.proxy2/jdk.proxy2.$Proxy16.getScreenshotAs(Unknown Source)
at org.openqa.selenium.support.events.EventFiringWebDriver.getScreenshotAs(EventFiringWebDriver.java:312)
at com.facebook.qa.util.TestUtil.takeScreenshotAtEndOfTest(TestUtil.java:62)
at com.facebook.qa.util.WebEventListener.onException(WebEventListener.java:60)
at jdk.internal.reflect.GeneratedMethodAccessor4.invoke(Unknown Source)
at java.base/jdk.internal.reflect.DelegatingMethodAccessorImpl.invoke(DelegatingMethodAccessorImpl.java:43)
at java.base/java.lang.reflect.Method.invoke(Method.java:568)
at org.openqa.selenium.support.events.EventFiringWebDriver.lambda$new$0(EventFiringWebDriver.java:94)
at jdk.proxy2/jdk.proxy2.$Proxy15.onException(Unknown Source)
at org.openqa.selenium.support.events.EventFiringWebDriver.lambda$new$1(EventFiringWebDriver.java:117)
at jdk.proxy2/jdk.proxy2.$Proxy16.getScreenshotAs(Unknown Source)
at org.openqa.selenium.support.events.EventFiringWebDriver.getScreenshotAs(EventFiringWebDriver.java:312)
at com.facebook.qa.util.TestUtil.takeScreenshotAtEndOfTest(TestUtil.java:62)
at com.facebook.qa.util.WebEventListener.onException(WebEventListener.java:60)
at jdk.internal.reflect.GeneratedMethodAccessor4.invoke(Unknown Source)
at java.base/jdk.internal.reflect.DelegatingMethodAccessorImpl.invoke(DelegatingMethodAccessorImpl.java:43)
at java.base/java.lang.reflect.Method.invoke(Method.java:568)
at org.openqa.selenium.support.events.EventFiringWebDriver.lambda$new$0(EventFiringWebDriver.java:94)
at jdk.proxy2/jdk.proxy2.$Proxy15.onException(Unknown Source)
at org.openqa.selenium.support.events.EventFiringWebDriver.lambda$new$1(EventFiringWebDriver.java:117)
at jdk.proxy2/jdk.proxy2.$Proxy16.getScreenshotAs(Unknown Source)
at org.openqa.selenium.support.events.EventFiringWebDriver.getScreenshotAs(EventFiringWebDriver.java:312)
at com.facebook.qa.util.TestUtil.takeScreenshotAtEndOfTest(TestUtil.java:62)
at com.facebook.qa.util.WebEventListener.onException(WebEventListener.java:60)
at jdk.internal.reflect.GeneratedMethodAccessor4.invoke(Unknown Source)
at java.base/jdk.internal.reflect.DelegatingMethodAccessorImpl.invoke(DelegatingMethodAccessorImpl.java:43)
at java.base/java.lang.reflect.Method.invoke(Method.java:568)
at org.openqa.selenium.support.events.EventFiringWebDriver.lambda$new$0(EventFiringWebDriver.java:94)
at jdk.proxy2/jdk.proxy2.$Proxy15.onException(Unknown Source)
at org.openqa.selenium.support.events.EventFiringWebDriver.lambda$new$1(EventFiringWebDriver.java:117)
at jdk.proxy2/jdk.proxy2.$Proxy16.getScreenshotAs(Unknown Source)
at org.openqa.selenium.support.events.EventFiringWebDriver.getScreenshotAs(EventFiringWebDriver.java:312)
at com.facebook.qa.util.TestUtil.takeScreenshotAtEndOfTest(TestUtil.java:62)
at com.facebook.qa.util.WebEventListener.onException(WebEventListener.java:60)
at jdk.internal.reflect.GeneratedMethodAccessor4.invoke(Unknown Source)
at java.base/jdk.internal.reflect.DelegatingMethodAccessorImpl.invoke(DelegatingMethodAccessorImpl.java:43)
at java.base/java.lang.reflect.Method.invoke(Method.java:568)
at org.openqa.selenium.support.events.EventFiringWebDriver.lambda$new$0(EventFiringWebDriver.java:94)
at jdk.proxy2/jdk.proxy2.$Proxy15.onException(Unknown Source)
at org.openqa.selenium.support.events.EventFiringWebDriver.lambda$new$1(EventFiringWebDriver.java:117)
at jdk.proxy2/jdk.proxy2.$Proxy16.getScreenshotAs(Unknown Source)
at org.openqa.selenium.support.events.EventFiringWebDriver.getScreenshotAs(EventFiringWebDriver.java:312)
at com.facebook.qa.util.TestUtil.takeScreenshotAtEndOfTest(TestUtil.java:62)
at com.facebook.qa.util.WebEventListener.onException(WebEventListener.java:60)
at jdk.internal.reflect.GeneratedMethodAccessor4.invoke(Unknown Source)
at java.base/jdk.internal.reflect.DelegatingMethodAccessorImpl.invoke(DelegatingMethodAccessorImpl.java:43)
at java.base/java.lang.reflect.Method.invoke(Method.java:568)
at org.openqa.selenium.support.events.EventFiringWebDriver.lambda$new$0(EventFiringWebDriver.java:94)
at jdk.proxy2/jdk.proxy2.$Proxy15.onException(Unknown Source)
at org.openqa.selenium.support.events.EventFiringWebDriver.lambda$new$1(EventFiringWebDriver.java:117)
at jdk.proxy2/jdk.proxy2.$Proxy16.getScreenshotAs(Unknown Source)
at org.openqa.selenium.support.events.EventFiringWebDriver.getScreenshotAs(EventFiringWebDriver.java:312)
at com.facebook.qa.util.TestUtil.takeScreenshotAtEndOfTest(TestUtil.java:62)
at com.facebook.qa.util.WebEventListener.onException(WebEventListener.java:60)
at jdk.internal.reflect.GeneratedMethodAccessor4.invoke(Unknown Source)
at java.base/jdk.internal.reflect.DelegatingMethodAccessorImpl.invoke(DelegatingMethodAccessorImpl.java:43)
at java.base/java.lang.reflect.Method.invoke(Method.java:568)
at org.openqa.selenium.support.events.EventFiringWebDriver.lambda$new$0(EventFiringWebDriver.java:94)
at jdk.proxy2/jdk.proxy2.$Proxy15.onException(Unknown Source)
at org.openqa.selenium.support.events.EventFiringWebDriver.lambda$new$1(EventFiringWebDriver.java:117)
at jdk.proxy2/jdk.proxy2.$Proxy16.getScreenshotAs(Unknown Source)
at org.openqa.selenium.support.events.EventFiringWebDriver.getScreenshotAs(EventFiringWebDriver.java:312)
at com.facebook.qa.util.TestUtil.takeScreenshotAtEndOfTest(TestUtil.java:62)
at com.facebook.qa.util.WebEventListener.onException(WebEventListener.java:60)
at jdk.internal.reflect.GeneratedMethodAccessor4.invoke(Unknown Source)
at java.base/jdk.internal.reflect.DelegatingMethodAccessorImpl.invoke(DelegatingMethodAccessorImpl.java:43)
at java.base/java.lang.reflect.Method.invoke(Method.java:568)
at org.openqa.selenium.support.events.EventFiringWebDriver.lambda$new$0(EventFiringWebDriver.java:94)
at jdk.proxy2/jdk.proxy2.$Proxy15.onException(Unknown Source)
at org.openqa.selenium.support.events.EventFiringWebDriver.lambda$new$1(EventFiringWebDriver.java:117)
at jdk.proxy2/jdk.proxy2.$Proxy16.getScreenshotAs(Unknown Source)
at org.openqa.selenium.support.events.EventFiringWebDriver.getScreenshotAs(EventFiringWebDriver.java:312)
at com.facebook.qa.util.TestUtil.takeScreenshotAtEndOfTest(TestUtil.java:62)
at com.facebook.qa.util.WebEventListener.onException(WebEventListener.java:60)
at jdk.internal.reflect.GeneratedMethodAccessor4.invoke(Unknown Source)
at java.base/jdk.internal.reflect.DelegatingMethodAccessorImpl.invoke(DelegatingMethodAccessorImpl.java:43)
at java.base/java.lang.reflect.Method.invoke(Method.java:568)
at org.openqa.selenium.support.events.EventFiringWebDriver.lambda$new$0(EventFiringWebDriver.java:94)
at jdk.proxy2/jdk.proxy2.$Proxy15.onException(Unknown Source)
at org.openqa.selenium.support.events.EventFiringWebDriver.lambda$new$1(EventFiringWebDriver.java:117)
at jdk.proxy2/jdk.proxy2.$Proxy16.getScreenshotAs(Unknown Source)
at org.openqa.selenium.support.events.EventFiringWebDriver.getScreenshotAs(EventFiringWebDriver.java:312)
at com.facebook.qa.util.TestUtil.takeScreenshotAtEndOfTest(TestUtil.java:62)
at com.facebook.qa.util.WebEventListener.onException(WebEventListener.java:60)
at jdk.internal.reflect.GeneratedMethodAccessor4.invoke(Unknown Source)
at java.base/jdk.internal.reflect.DelegatingMethodAccessorImpl.invoke(DelegatingMethodAccessorImpl.java:43)
at java.base/java.lang.reflect.Method.invoke(Method.java:568)
at org.openqa.selenium.support.events.EventFiringWebDriver.lambda$new$0(EventFiringWebDriver.java:94)
at jdk.proxy2/jdk.proxy2.$Proxy15.onException(Unknown Source)
at org.openqa.selenium.support.events.EventFiringWebDriver.lambda$new$1(EventFiringWebDriver.java:117)
at jdk.proxy2/jdk.proxy2.$Proxy16.getScreenshotAs(Unknown Source)
at org.openqa.selenium.support.events.EventFiringWebDriver.getScreenshotAs(EventFiringWebDriver.java:312)
at com.facebook.qa.util.TestUtil.takeScreenshotAtEndOfTest(TestUtil.java:62)
at com.facebook.qa.util.WebEventListener.onException(WebEventListener.java:60)
at jdk.internal.reflect.GeneratedMethodAccessor4.invoke(Unknown Source)
at java.base/jdk.internal.reflect.DelegatingMethodAccessorImpl.invoke(DelegatingMethodAccessorImpl.java:43)
at java.base/java.lang.reflect.Method.invoke(Method.java:568)
at org.openqa.selenium.support.events.EventFiringWebDriver.lambda$new$0(EventFiringWebDriver.java:94)
at jdk.proxy2/jdk.proxy2.$Proxy15.onException(Unknown Source)
at org.openqa.selenium.support.events.EventFiringWebDriver.lambda$new$1(EventFiringWebDriver.java:117)
at jdk.proxy2/jdk.proxy2.$Proxy16.getScreenshotAs(Unknown Source)
at org.openqa.selenium.support.events.EventFiringWebDriver.getScreenshotAs(EventFiringWebDriver.java:312)
at com.facebook.qa.util.TestUtil.takeScreenshotAtEndOfTest(TestUtil.java:62)
at com.facebook.qa.util.WebEventListener.onException(WebEventListener.java:60)
at jdk.internal.reflect.GeneratedMethodAccessor4.invoke(Unknown Source)
at java.base/jdk.internal.reflect.DelegatingMethodAccessorImpl.invoke(DelegatingMethodAccessorImpl.java:43)
at java.base/java.lang.reflect.Method.invoke(Method.java:568)
at org.openqa.selenium.support.events.EventFiringWebDriver.lambda$new$0(EventFiringWebDriver.java:94)
at jdk.proxy2/jdk.proxy2.$Proxy15.onException(Unknown Source)
at org.openqa.selenium.support.events.EventFiringWebDriver.lambda$new$1(EventFiringWebDriver.java:117)
at jdk.proxy2/jdk.proxy2.$Proxy16.getScreenshotAs(Unknown Source)
at org.openqa.selenium.support.events.EventFiringWebDriver.getScreenshotAs(EventFiringWebDriver.java:312)
at com.facebook.qa.util.TestUtil.takeScreenshotAtEndOfTest(TestUtil.java:62)
at com.facebook.qa.util.WebEventListener.onException(WebEventListener.java:60)
at jdk.internal.reflect.GeneratedMethodAccessor4.invoke(Unknown Source)
at java.base/jdk.internal.reflect.DelegatingMethodAccessorImpl.invoke(DelegatingMethodAccessorImpl.java:43)
at java.base/java.lang.reflect.Method.invoke(Method.java:568)
at org.openqa.selenium.support.events.EventFiringWebDriver.lambda$new$0(EventFiringWebDriver.java:94)
at jdk.proxy2/jdk.proxy2.$Proxy15.onException(Unknown Source)
at org.openqa.selenium.support.events.EventFiringWebDriver.lambda$new$1(EventFiringWebDriver.java:117)
at jdk.proxy2/jdk.proxy2.$Proxy16.getScreenshotAs(Unknown Source)
at org.openqa.selenium.support.events.EventFiringWebDriver.getScreenshotAs(EventFiringWebDriver.java:312)
at com.facebook.qa.util.TestUtil.takeScreenshotAtEndOfTest(TestUtil.java:62)
at com.facebook.qa.util.WebEventListener.onException(WebEventListener.java:60)
at jdk.internal.reflect.GeneratedMethodAccessor4.invoke(Unknown Source)
at java.base/jdk.internal.reflect.DelegatingMethodAccessorImpl.invoke(DelegatingMethodAccessorImpl.java:43)
at java.base/java.lang.reflect.Method.invoke(Method.java:568)
at org.openqa.selenium.support.events.EventFiringWebDriver.lambda$new$0(EventFiringWebDriver.java:94)
at jdk.proxy2/jdk.proxy2.$Proxy15.onException(Unknown Source)
at org.openqa.selenium.support.events.EventFiringWebDriver.lambda$new$1(EventFiringWebDriver.java:117)
at jdk.proxy2/jdk.proxy2.$Proxy16.getScreenshotAs(Unknown Source)
at org.openqa.selenium.support.events.EventFiringWebDriver.getScreenshotAs(EventFiringWebDriver.java:312)
at com.facebook.qa.util.TestUtil.takeScreenshotAtEndOfTest(TestUtil.java:62)
at com.facebook.qa.util.WebEventListener.onException(WebEventListener.java:60)
at jdk.internal.reflect.GeneratedMethodAccessor4.invoke(Unknown Source)
at java.base/jdk.internal.reflect.DelegatingMethodAccessorImpl.invoke(DelegatingMethodAccessorImpl.java:43)
at java.base/java.lang.reflect.Method.invoke(Method.java:568)
at org.openqa.selenium.support.events.EventFiringWebDriver.lambda$new$0(EventFiringWebDriver.java:94)
at jdk.proxy2/jdk.proxy2.$Proxy15.onException(Unknown Source)
at org.openqa.selenium.support.events.EventFiringWebDriver.lambda$new$1(EventFiringWebDriver.java:117)
at jdk.proxy2/jdk.proxy2.$Proxy16.getScreenshotAs(Unknown Source)
at org.openqa.selenium.support.events.EventFiringWebDriver.getScreenshotAs(EventFiringWebDriver.java:312)
at com.facebook.qa.util.TestUtil.takeScreenshotAtEndOfTest(TestUtil.java:62)
at com.facebook.qa.util.WebEventListener.onException(WebEventListener.java:60)
at jdk.internal.reflect.GeneratedMethodAccessor4.invoke(Unknown Source)
at java.base/jdk.internal.reflect.DelegatingMethodAccessorImpl.invoke(DelegatingMethodAccessorImpl.java:43)
at java.base/java.lang.reflect.Method.invoke(Method.java:568)
at org.openqa.selenium.support.events.EventFiringWebDriver.lambda$new$0(EventFiringWebDriver.java:94)
at jdk.proxy2/jdk.proxy2.$Proxy15.onException(Unknown Source)
at org.openqa.selenium.support.events.EventFiringWebDriver.lambda$new$1(EventFiringWebDriver.java:117)
at jdk.proxy2/jdk.proxy2.$Proxy16.getScreenshotAs(Unknown Source)
at org.openqa.selenium.support.events.EventFiringWebDriver.getScreenshotAs(EventFiringWebDriver.java:312)
at com.facebook.qa.util.TestUtil.takeScreenshotAtEndOfTest(TestUtil.java:62)
at com.facebook.qa.util.WebEventListener.onException(WebEventListener.java:60)
at jdk.internal.reflect.GeneratedMethodAccessor4.invoke(Unknown Source)
at java.base/jdk.internal.reflect.DelegatingMethodAccessorImpl.invoke(DelegatingMethodAccessorImpl.java:43)
at java.base/java.lang.reflect.Method.invoke(Method.java:568)
at org.openqa.selenium.support.events.EventFiringWebDriver.lambda$new$0(EventFiringWebDriver.java:94)
at jdk.proxy2/jdk.proxy2.$Proxy15.onException(Unknown Source)
at org.openqa.selenium.support.events.EventFiringWebDriver.lambda$new$1(EventFiringWebDriver.java:117)
at jdk.proxy2/jdk.proxy2.$Proxy16.getScreenshotAs(Unknown Source)
at org.openqa.selenium.support.events.EventFiringWebDriver.getScreenshotAs(EventFiringWebDriver.java:312)
at com.facebook.qa.util.TestUtil.takeScreenshotAtEndOfTest(TestUtil.java:62)
at com.facebook.qa.util.WebEventListener.onException(WebEventListener.java:60)
at jdk.internal.reflect.GeneratedMethodAccessor4.invoke(Unknown Source)
at java.base/jdk.internal.reflect.DelegatingMethodAccessorImpl.invoke(DelegatingMethodAccessorImpl.java:43)
at java.base/java.lang.reflect.Method.invoke(Method.java:568)
at org.openqa.selenium.support.events.EventFiringWebDriver.lambda$new$0(EventFiringWebDriver.java:94)
at jdk.proxy2/jdk.proxy2.$Proxy15.onException(Unknown Source)
at org.openqa.selenium.support.events.EventFiringWebDriver.lambda$new$1(EventFiringWebDriver.java:117)
at jdk.proxy2/jdk.proxy2.$Proxy16.getScreenshotAs(Unknown Source)
at org.openqa.selenium.support.events.EventFiringWebDriver.getScreenshotAs(EventFiringWebDriver.java:312)
at com.facebook.qa.util.TestUtil.takeScreenshotAtEndOfTest(TestUtil.java:62)
[...]
at jdk.proxy2/jdk.proxy2.$Proxy15.onException(Unknown Source)
at org.openqa.selenium.support.events.EventFiringWebDriver.lambda$new$1(EventFiringWebDriver.java:117)
at jdk.proxy2/jdk.proxy2.$Proxy16.getScreenshotAs(Unknown Source)
at org.openqa.selenium.support.events.EventFiringWebDriver.getScreenshotAs(EventFiringWebDriver.java:312)
at com.facebook.qa.util.TestUtil.takeScreenshotAtEndOfTest(TestUtil.java:62)
at com.facebook.qa.util.WebEventListener.onException(WebEventListener.java:60)
at jdk.internal.reflect.GeneratedMethodAccessor4.invoke(Unknown Source)
at java.base/jdk.internal.reflect.DelegatingMethodAccessorImpl.invoke(DelegatingMethodAccessorImpl.java:43)
at java.base/java.lang.reflect.Method.invoke(Method.java:568)
at org.openqa.selenium.support.events.EventFiringWebDriver.lambda$new$0(EventFiringWebDriver.java:94)
at jdk.proxy2/jdk.proxy2.$Proxy15.onException(Unknown Source)
at org.openqa.selenium.support.events.EventFiringWebDriver.lambda$new$1(EventFiringWebDriver.java:117)
at jdk.proxy2/jdk.proxy2.$Proxy16.getScreenshotAs(Unknown Source)
at org.openqa.selenium.support.events.EventFiringWebDriver.getScreenshotAs(EventFiringWebDriver.java:312)
at com.facebook.qa.util.TestUtil.takeScreenshotAtEndOfTest(TestUtil.java:62)
at com.facebook.qa.util.WebEventListener.onException(WebEventListener.java:60)
at jdk.internal.reflect.GeneratedMethodAccessor4.invoke(Unknown Source)
at java.base/jdk.internal.reflect.DelegatingMethodAccessorImpl.invoke(DelegatingMethodAccessorImpl.java:43)
at java.base/java.lang.reflect.Method.invoke(Method.java:568)
at org.openqa.selenium.support.events.EventFiringWebDriver.lambda$new$0(EventFiringWebDriver.java:94)
at jdk.proxy2/jdk.proxy2.$Proxy15.onException(Unknown Source)
at org.openqa.selenium.support.events.EventFiringWebDriver.lambda$new$1(EventFiringWebDriver.java:117)
at jdk.proxy2/jdk.proxy2.$Proxy16.getScreenshotAs(Unknown Source)
at org.openqa.selenium.support.events.EventFiringWebDriver.getScreenshotAs(EventFiringWebDriver.java:312)
at com.facebook.qa.util.TestUtil.takeScreenshotAtEndOfTest(TestUtil.java:62)
at com.facebook.qa.util.WebEventListener.onException(WebEventListener.java:60)
at jdk.internal.reflect.GeneratedMethodAccessor4.invoke(Unknown Source)
at java.base/jdk.internal.reflect.DelegatingMethodAccessorImpl.invoke(DelegatingMethodAccessorImpl.java:43)
at java.base/java.lang.reflect.Method.invoke(Method.java:568)
at org.openqa.selenium.support.events.EventFiringWebDriver.lambda$new$0(EventFiringWebDriver.java:94)
at jdk.proxy2/jdk.proxy2.$Proxy15.onException(Unknown Source)
at org.openqa.selenium.support.events.EventFiringWebDriver.lambda$new$1(EventFiringWebDriver.java:117)
at jdk.proxy2/jdk.proxy2.$Proxy16.getScreenshotAs(Unknown Source)
at org.openqa.selenium.support.events.EventFiringWebDriver.getScreenshotAs(EventFiringWebDriver.java:312)
at com.facebook.qa.util.TestUtil.takeScreenshotAtEndOfTest(TestUtil.java:62)
at com.facebook.qa.util.WebEventListener.onException(WebEventListener.java:60)
at jdk.internal.reflect.GeneratedMethodAccessor4.invoke(Unknown Source)
at java.base/jdk.internal.reflect.DelegatingMethodAccessorImpl.invoke(DelegatingMethodAccessorImpl.java:43)
at java.base/java.lang.reflect.Method.invoke(Method.java:568)
at org.openqa.selenium.support.events.EventFiringWebDriver.lambda$new$0(EventFiringWebDriver.java:94)
at jdk.proxy2/jdk.proxy2.$Proxy15.onException(Unknown Source)
at org.openqa.selenium.support.events.EventFiringWebDriver.lambda$new$1(EventFiringWebDriver.java:117)
at jdk.proxy2/jdk.proxy2.$Proxy16.getScreenshotAs(Unknown Source)
at org.openqa.selenium.support.events.EventFiringWebDriver.getScreenshotAs(EventFiringWebDriver.java:312)
at com.facebook.qa.util.TestUtil.takeScreenshotAtEndOfTest(TestUtil.java:62)
at com.facebook.qa.util.WebEventListener.onException(WebEventListener.java:60)
at jdk.internal.reflect.GeneratedMethodAccessor4.invoke(Unknown Source)
at java.base/jdk.internal.reflect.DelegatingMethodAccessorImpl.invoke(DelegatingMethodAccessorImpl.java:43)
at java.base/java.lang.reflect.Method.invoke(Method.java:568)
at org.openqa.selenium.support.events.EventFiringWebDriver.lambda$new$0(EventFiringWebDriver.java:94)
at jdk.proxy2/jdk.proxy2.$Proxy15.onException(Unknown Source)
at org.openqa.selenium.support.events.EventFiringWebDriver.lambda$new$1(EventFiringWebDriver.java:117)
at jdk.proxy2/jdk.proxy2.$Proxy16.getScreenshotAs(Unknown Source)
at org.openqa.selenium.support.events.EventFiringWebDriver.getScreenshotAs(EventFiringWebDriver.java:312)
at com.facebook.qa.util.TestUtil.takeScreenshotAtEndOfTest(TestUtil.java:62)
at com.facebook.qa.util.WebEventListener.onException(WebEventListener.java:60)
at jdk.internal.reflect.GeneratedMethodAccessor4.invoke(Unknown Source)
at java.base/jdk.internal.reflect.DelegatingMethodAccessorImpl.invoke(DelegatingMethodAccessorImpl.java:43)
at java.base/java.lang.reflect.Method.invoke(Method.java:568)
at org.openqa.selenium.support.events.EventFiringWebDriver.lambda$new$0(EventFiringWebDriver.java:94)
at jdk.proxy2/jdk.proxy2.$Proxy15.onException(Unknown Source)
at org.openqa.selenium.support.events.EventFiringWebDriver.lambda$new$1(EventFiringWebDriver.java:117)
at jdk.proxy2/jdk.proxy2.$Proxy16.getScreenshotAs(Unknown Source)
at org.openqa.selenium.support.events.EventFiringWebDriver.getScreenshotAs(EventFiringWebDriver.java:312)
at com.facebook.qa.util.TestUtil.takeScreenshotAtEndOfTest(TestUtil.java:62)
at com.facebook.qa.util.WebEventListener.onException(WebEventListener.java:60)
at jdk.internal.reflect.GeneratedMethodAccessor4.invoke(Unknown Source)
at java.base/jdk.internal.reflect.DelegatingMethodAccessorImpl.invoke(DelegatingMethodAccessorImpl.java:43)
at java.base/java.lang.reflect.Method.invoke(Method.java:568)
at org.openqa.selenium.support.events.EventFiringWebDriver.lambda$new$0(EventFiringWebDriver.java:94)
at jdk.proxy2/jdk.proxy2.$Proxy15.onException(Unknown Source)
at org.openqa.selenium.support.events.EventFiringWebDriver.lambda$new$1(EventFiringWebDriver.java:117)
at jdk.proxy2/jdk.proxy2.$Proxy16.getScreenshotAs(Unknown Source)
at org.openqa.selenium.support.events.EventFiringWebDriver.getScreenshotAs(EventFiringWebDriver.java:312)
at com.facebook.qa.util.TestUtil.takeScreenshotAtEndOfTest(TestUtil.java:62)
at com.facebook.qa.util.WebEventListener.onException(WebEventListener.java:60)
at jdk.internal.reflect.GeneratedMethodAccessor4.invoke(Unknown Source)
at java.base/jdk.internal.reflect.DelegatingMethodAccessorImpl.invoke(DelegatingMethodAccessorImpl.java:43)
at java.base/java.lang.reflect.Method.invoke(Method.java:568)
at org.openqa.selenium.support.events.EventFiringWebDriver.lambda$new$0(EventFiringWebDriver.java:94)
at jdk.proxy2/jdk.proxy2.$Proxy15.onException(Unknown Source)
at org.openqa.selenium.support.events.EventFiringWebDriver.lambda$new$1(EventFiringWebDriver.java:117)
at jdk.proxy2/jdk.proxy2.$Proxy16.getScreenshotAs(Unknown Source)
at org.openqa.selenium.support.events.EventFiringWebDriver.getScreenshotAs(EventFiringWebDriver.java:312)
at com.facebook.qa.util.TestUtil.takeScreenshotAtEndOfTest(TestUtil.java:62)
at com.facebook.qa.util.WebEventListener.onException(WebEventListener.java:60)
at jdk.internal.reflect.GeneratedMethodAccessor4.invoke(Unknown Source)
at java.base/jdk.internal.reflect.DelegatingMethodAccessorImpl.invoke(DelegatingMethodAccessorImpl.java:43)
at java.base/java.lang.reflect.Method.invoke(Method.java:568)
at org.openqa.selenium.support.events.EventFiringWebDriver.lambda$new$0(EventFiringWebDriver.java:94)
at jdk.proxy2/jdk.proxy2.$Proxy15.onException(Unknown Source)
at org.openqa.selenium.support.events.EventFiringWebDriver.lambda$new$1(EventFiringWebDriver.java:117)
at jdk.proxy2/jdk.proxy2.$Proxy16.getScreenshotAs(Unknown Source)
at org.openqa.selenium.support.events.EventFiringWebDriver.getScreenshotAs(EventFiringWebDriver.java:312)
at com.facebook.qa.util.TestUtil.takeScreenshotAtEndOfTest(TestUtil.java:62)
at com.facebook.qa.util.WebEventListener.onException(WebEventListener.java:60)
at jdk.internal.reflect.GeneratedMethodAccessor4.invoke(Unknown Source)
at java.base/jdk.internal.reflect.DelegatingMethodAccessorImpl.invoke(DelegatingMethodAccessorImpl.java:43)
at java.base/java.lang.reflect.Method.invoke(Method.java:568)
at org.openqa.selenium.support.events.EventFiringWebDriver.lambda$new$0(EventFiringWebDriver.java:94)
at jdk.proxy2/jdk.proxy2.$Proxy15.onException(Unknown Source)
at org.openqa.selenium.support.events.EventFiringWebDriver.lambda$new$1(EventFiringWebDriver.java:117)
at jdk.proxy2/jdk.proxy2.$Proxy16.getScreenshotAs(Unknown Source)
at org.openqa.selenium.support.events.EventFiringWebDriver.getScreenshotAs(EventFiringWebDriver.java:312)
at com.facebook.qa.util.TestUtil.takeScreenshotAtEndOfTest(TestUtil.java:62)
at com.facebook.qa.util.WebEventListener.onException(WebEventListener.java:60)
at jdk.internal.reflect.GeneratedMethodAccessor4.invoke(Unknown Source)
at java.base/jdk.internal.reflect.DelegatingMethodAccessorImpl.invoke(DelegatingMethodAccessorImpl.java:43)
at java.base/java.lang.reflect.Method.invoke(Method.java:568)
at org.openqa.selenium.support.events.EventFiringWebDriver.lambda$new$0(EventFiringWebDriver.java:94)
at jdk.proxy2/jdk.proxy2.$Proxy15.onException(Unknown Source)
at org.openqa.selenium.support.events.EventFiringWebDriver.lambda$new$1(EventFiringWebDriver.java:117)
at jdk.proxy2/jdk.proxy2.$Proxy16.getScreenshotAs(Unknown Source)
at org.openqa.selenium.support.events.EventFiringWebDriver.getScreenshotAs(EventFiringWebDriver.java:312)
at com.facebook.qa.util.TestUtil.takeScreenshotAtEndOfTest(TestUtil.java:62)
at com.facebook.qa.util.WebEventListener.onException(WebEventListener.java:60)
at jdk.internal.reflect.GeneratedMethodAccessor4.invoke(Unknown Source)
at java.base/jdk.internal.reflect.DelegatingMethodAccessorImpl.invoke(DelegatingMethodAccessorImpl.java:43)
at java.base/java.lang.reflect.Method.invoke(Method.java:568)
at org.openqa.selenium.support.events.EventFiringWebDriver.lambda$new$0(EventFiringWebDriver.java:94)
at jdk.proxy2/jdk.proxy2.$Proxy15.onException(Unknown Source)
at org.openqa.selenium.support.events.EventFiringWebDriver.lambda$new$1(EventFiringWebDriver.java:117)
at jdk.proxy2/jdk.proxy2.$Proxy16.getScreenshotAs(Unknown Source)
at org.openqa.selenium.support.events.EventFiringWebDriver.getScreenshotAs(EventFiringWebDriver.java:312)
at com.facebook.qa.util.TestUtil.takeScreenshotAtEndOfTest(TestUtil.java:62)
at com.facebook.qa.util.WebEventListener.onException(WebEventListener.java:60)
at jdk.internal.reflect.GeneratedMethodAccessor4.invoke(Unknown Source)
at java.base/jdk.internal.reflect.DelegatingMethodAccessorImpl.invoke(DelegatingMethodAccessorImpl.java:43)
at java.base/java.lang.reflect.Method.invoke(Method.java:568)
at org.openqa.selenium.support.events.EventFiringWebDriver.lambda$new$0(EventFiringWebDriver.java:94)
at jdk.proxy2/jdk.proxy2.$Proxy15.onException(Unknown Source)
at org.openqa.selenium.support.events.EventFiringWebDriver.lambda$new$1(EventFiringWebDriver.java:117)
at jdk.proxy2/jdk.proxy2.$Proxy16.getScreenshotAs(Unknown Source)
at org.openqa.selenium.support.events.EventFiringWebDriver.getScreenshotAs(EventFiringWebDriver.java:312)
at com.facebook.qa.util.TestUtil.takeScreenshotAtEndOfTest(TestUtil.java:62)
at com.facebook.qa.util.WebEventListener.onException(WebEventListener.java:60)
at jdk.internal.reflect.GeneratedMethodAccessor4.invoke(Unknown Source)
at java.base/jdk.internal.reflect.DelegatingMethodAccessorImpl.invoke(DelegatingMethodAccessorImpl.java:43)
at java.base/java.lang.reflect.Method.invoke(Method.java:568)
at org.openqa.selenium.support.events.EventFiringWebDriver.lambda$new$0(EventFiringWebDriver.java:94)
at jdk.proxy2/jdk.proxy2.$Proxy15.onException(Unknown Source)
at org.openqa.selenium.support.events.EventFiringWebDriver.lambda$new$1(EventFiringWebDriver.java:117)
at jdk.proxy2/jdk.proxy2.$Proxy16.getScreenshotAs(Unknown Source)
at org.openqa.selenium.support.events.EventFiringWebDriver.getScreenshotAs(EventFiringWebDriver.java:312)
at com.facebook.qa.util.TestUtil.takeScreenshotAtEndOfTest(TestUtil.java:62)
at com.facebook.qa.util.WebEventListener.onException(WebEventListener.java:60)
at jdk.internal.reflect.GeneratedMethodAccessor4.invoke(Unknown Source)
at java.base/jdk.internal.reflect.DelegatingMethodAccessorImpl.invoke(DelegatingMethodAccessorImpl.java:43)
at java.base/java.lang.reflect.Method.invoke(Method.java:568)
at org.openqa.selenium.support.events.EventFiringWebDriver.lambda$new$0(EventFiringWebDriver.java:94)
at jdk.proxy2/jdk.proxy2.$Proxy15.onException(Unknown Source)
at org.openqa.selenium.support.events.EventFiringWebDriver.lambda$new$1(EventFiringWebDriver.java:117)
at jdk.proxy2/jdk.proxy2.$Proxy16.getScreenshotAs(Unknown Source)
at org.openqa.selenium.support.events.EventFiringWebDriver.getScreenshotAs(EventFiringWebDriver.java:312)
at com.facebook.qa.util.TestUtil.takeScreenshotAtEndOfTest(TestUtil.java:62)
at com.facebook.qa.util.WebEventListener.onException(WebEventListener.java:60)
at jdk.internal.reflect.GeneratedMethodAccessor4.invoke(Unknown Source)
at java.base/jdk.internal.reflect.DelegatingMethodAccessorImpl.invoke(DelegatingMethodAccessorImpl.java:43)
at java.base/java.lang.reflect.Method.invoke(Method.java:568)
at org.openqa.selenium.support.events.EventFiringWebDriver.lambda$new$0(EventFiringWebDriver.java:94)
at jdk.proxy2/jdk.proxy2.$Proxy15.onException(Unknown Source)
at org.openqa.selenium.support.events.EventFiringWebDriver.lambda$new$1(EventFiringWebDriver.java:117)
at jdk.proxy2/jdk.proxy2.$Proxy16.getScreenshotAs(Unknown Source)
at org.openqa.selenium.support.events.EventFiringWebDriver.getScreenshotAs(EventFiringWebDriver.java:312)
at com.facebook.qa.util.TestUtil.takeScreenshotAtEndOfTest(TestUtil.java:62)
at com.facebook.qa.util.WebEventListener.onException(WebEventListener.java:60)
at jdk.internal.reflect.GeneratedMethodAccessor4.invoke(Unknown Source)
at java.base/jdk.internal.reflect.DelegatingMethodAccessorImpl.invoke(DelegatingMethodAccessorImpl.java:43)
at java.base/java.lang.reflect.Method.invoke(Method.java:568)
at org.openqa.selenium.support.events.EventFiringWebDriver.lambda$new$0(EventFiringWebDriver.java:94)
at jdk.proxy2/jdk.proxy2.$Proxy15.onException(Unknown Source)
at org.openqa.selenium.support.events.EventFiringWebDriver.lambda$new$1(EventFiringWebDriver.java:117)
at jdk.proxy2/jdk.proxy2.$Proxy16.getScreenshotAs(Unknown Source)
at org.openqa.selenium.support.events.EventFiringWebDriver.getScreenshotAs(EventFiringWebDriver.java:312)
at com.facebook.qa.util.TestUtil.takeScreenshotAtEndOfTest(TestUtil.java:62)
at com.facebook.qa.util.WebEventListener.onException(WebEventListener.java:60)
at jdk.internal.reflect.GeneratedMethodAccessor4.invoke(Unknown Source)
at java.base/jdk.internal.reflect.DelegatingMethodAccessorImpl.invoke(DelegatingMethodAccessorImpl.java:43)
at java.base/java.lang.reflect.Method.invoke(Method.java:568)
at org.openqa.selenium.support.events.EventFiringWebDriver.lambda$new$0(EventFiringWebDriver.java:94)
at jdk.proxy2/jdk.proxy2.$Proxy15.onException(Unknown Source)
at org.openqa.selenium.support.events.EventFiringWebDriver.lambda$new$1(EventFiringWebDriver.java:117)
at jdk.proxy2/jdk.proxy2.$Proxy16.getScreenshotAs(Unknown Source)
at org.openqa.selenium.support.events.EventFiringWebDriver.getScreenshotAs(EventFiringWebDriver.java:312)
at com.facebook.qa.util.TestUtil.takeScreenshotAtEndOfTest(TestUtil.java:62)
at com.facebook.qa.util.WebEventListener.onException(WebEventListener.java:60)
at jdk.internal.reflect.GeneratedMethodAccessor4.invoke(Unknown Source)
at java.base/jdk.internal.reflect.DelegatingMethodAccessorImpl.invoke(DelegatingMethodAccessorImpl.java:43)
at java.base/java.lang.reflect.Method.invoke(Method.java:568)
at org.openqa.selenium.support.events.EventFiringWebDriver.lambda$new$0(EventFiringWebDriver.java:94)
at jdk.proxy2/jdk.proxy2.$Proxy15.onException(Unknown Source)
at org.openqa.selenium.support.events.EventFiringWebDriver.lambda$new$1(EventFiringWebDriver.java:117)
at jdk.proxy2/jdk.proxy2.$Proxy16.getScreenshotAs(Unknown Source)
at org.openqa.selenium.support.events.EventFiringWebDriver.getScreenshotAs(EventFiringWebDriver.java:312)
at com.facebook.qa.util.TestUtil.takeScreenshotAtEndOfTest(TestUtil.java:62)
at com.facebook.qa.util.WebEventListener.onException(WebEventListener.java:60)
at jdk.internal.reflect.GeneratedMethodAccessor4.invoke(Unknown Source)
at java.base/jdk.internal.reflect.DelegatingMethodAccessorImpl.invoke(DelegatingMethodAccessorImpl.java:43)
at java.base/java.lang.reflect.Method.invoke(Method.java:568)
at org.openqa.selenium.support.events.EventFiringWebDriver.lambda$new$0(EventFiringWebDriver.java:94)
at jdk.proxy2/jdk.proxy2.$Proxy15.onException(Unknown Source)
at org.openqa.selenium.support.events.EventFiringWebDriver.lambda$new$1(EventFiringWebDriver.java:117)
at jdk.proxy2/jdk.proxy2.$Proxy16.getScreenshotAs(Unknown Source)
at org.openqa.selenium.support.events.EventFiringWebDriver.getScreenshotAs(EventFiringWebDriver.java:312)
at com.facebook.qa.util.TestUtil.takeScreenshotAtEndOfTest(TestUtil.java:62)
at com.facebook.qa.util.WebEventListener.onException(WebEventListener.java:60)
at jdk.internal.reflect.GeneratedMethodAccessor4.invoke(Unknown Source)
at java.base/jdk.internal.reflect.DelegatingMethodAccessorImpl.invoke(DelegatingMethodAccessorImpl.java:43)
at java.base/java.lang.reflect.Method.invoke(Method.java:568)
at org.openqa.selenium.support.events.EventFiringWebDriver.lambda$new$0(EventFiringWebDriver.java:94)
at jdk.proxy2/jdk.proxy2.$Proxy15.onException(Unknown Source)
at org.openqa.selenium.support.events.EventFiringWebDriver.lambda$new$1(EventFiringWebDriver.java:117)
at jdk.proxy2/jdk.proxy2.$Proxy16.getScreenshotAs(Unknown Source)
at org.openqa.selenium.support.events.EventFiringWebDriver.getScreenshotAs(EventFiringWebDriver.java:312)
at com.facebook.qa.util.TestUtil.takeScreenshotAtEndOfTest(TestUtil.java:62)
at com.facebook.qa.util.WebEventListener.onException(WebEventListener.java:60)
at jdk.internal.reflect.GeneratedMethodAccessor4.invoke(Unknown Source)
at java.base/jdk.internal.reflect.DelegatingMethodAccessorImpl.invoke(DelegatingMethodAccessorImpl.java:43)
at java.base/java.lang.reflect.Method.invoke(Method.java:568)
at org.openqa.selenium.support.events.EventFiringWebDriver.lambda$new$0(EventFiringWebDriver.java:94)
at jdk.proxy2/jdk.proxy2.$Proxy15.onException(Unknown Source)
]]>
    </failure>
  </testcase> <!-- @BeforeMethod setUp -->
  <testcase classname="com.facebook.qa.test.ProfilePageTest" name="@BeforeMethod setUp" time="-1.660666412069E9">
    <skipped/>
  </testcase> <!-- @BeforeMethod setUp -->
  <testcase classname="com.facebook.qa.test.HomePageTest" name="verifyHomePageTitleTest" time="0.0">
    <skipped/>
  </testcase> <!-- verifyHomePageTitleTest -->
  <testcase classname="com.facebook.qa.test.HomePageTest" name="verifyUsernameTest" time="0.0">
    <skipped/>
  </testcase> <!-- verifyUsernameTest -->
  <testcase classname="com.facebook.qa.test.LoginPageTest" name="loginTest" time="0.0">
    <skipped/>
  </testcase> <!-- loginTest -->
  <testcase classname="com.facebook.qa.test.LoginPageTest" name="LoginPageTitle" time="0.0">
    <skipped/>
  </testcase> <!-- LoginPageTitle -->
  <testcase classname="com.facebook.qa.test.LoginPageTest" name="loginTest" time="0.0">
    <skipped/>
  </testcase> <!-- loginTest -->
  <testcase classname="com.facebook.qa.test.SignUpPageTest" name="createNewAccountTest" time="0.0">
    <skipped/>
  </testcase> <!-- createNewAccountTest -->
  <testcase classname="com.facebook.qa.test.ProfilePageTest" name="verifyHomePageTitleTest" time="0.0">
    <skipped/>
  </testcase> <!-- verifyHomePageTitleTest -->
  <testcase classname="com.facebook.qa.test.ProfilePageTest" name="verifyProfilePageTest" time="0.0">
    <skipped/>
  </testcase> <!-- verifyProfilePageTest -->
</testsuite> <!-- Default test -->
