<?xml version="1.0" encoding="UTF-8"?>
<!-- Generated by org.testng.reporters.JUnitXMLReporter -->
<testsuite ignored="0" hostname="ADMIN" failures="1" tests="8" name="Test" time="158.864" errors="0" timestamp="2022-08-17T09:54:30 IST">
  <testcase classname="com.facebook.qa.test.LoginPageTest" name="loginTest" time="0.0">
    <skipped/>
  </testcase> <!-- loginTest -->
  <testcase classname="com.facebook.qa.test.LoginPageTest" name="LoginPageTitle" time="0.098"/>
  <testcase classname="com.facebook.qa.test.LoginPageTest" name="loginTest" time="1.523"/>
  <testcase classname="com.facebook.qa.test.SignUpPageTest" name="createNewAccountTest" time="10.171"/>
  <testcase classname="com.facebook.qa.test.ProfilePageTest" name="verifyHomePageTitleTest" time="8.396"/>
  <testcase classname="com.facebook.qa.test.ProfilePageTest" name="verifyProfilePageTest" time="15.248"/>
  <testcase classname="com.facebook.qa.test.HomePageTest" name="verifyHomePageTitleTest" time="14.807"/>
  <testcase classname="com.facebook.qa.test.HomePageTest" name="verifyHomePageTitleTest" time="31.277">
    <failure type="io.qameta.allure.AllureResultsWriteException" message="Could not write Allure test result">
      <![CDATA[io.qameta.allure.AllureResultsWriteException: Could not write Allure test result
at io.qameta.allure.FileSystemResultsWriter.write(FileSystemResultsWriter.java:54)
at io.qameta.allure.AllureLifecycle.writeTestCase(AllureLifecycle.java:442)
at io.qameta.allure.testng.AllureTestNg.onTestSuccess(AllureTestNg.java:343)
at java.base/java.util.ArrayList.forEach(ArrayList.java:1511)
Caused by: java.io.FileNotFoundException: allure-results\598f6359-09ad-40d0-b34f-0d45e188ab0f-result.json (There is not enough space on the disk)
at java.base/java.io.FileOutputStream.open0(Native Method)
at java.base/java.io.FileOutputStream.open(FileOutputStream.java:293)
at java.base/java.io.FileOutputStream.<init>(FileOutputStream.java:235)
at java.base/java.io.FileOutputStream.<init>(FileOutputStream.java:184)
at io.qameta.allure.internal.shadowed.jackson.core.JsonFactory.createGenerator(JsonFactory.java:1339)
at io.qameta.allure.internal.shadowed.jackson.databind.ObjectMapper.createGenerator(ObjectMapper.java:1203)
at io.qameta.allure.internal.shadowed.jackson.databind.ObjectMapper.writeValue(ObjectMapper.java:3764)
at io.qameta.allure.FileSystemResultsWriter.write(FileSystemResultsWriter.java:52)
... 27 more
... Removed 24 stack frames]]>
    </failure>
  </testcase> <!-- verifyHomePageTitleTest -->
</testsuite> <!-- Test -->
